2018-02-07 19:19:14,996 [      0]   INFO - etbrains.jps.cmdline.BuildMain - ==================================================
2018-02-07 19:19:14,996 [      0]   INFO - etbrains.jps.cmdline.BuildMain - Build process started. Classpath: C:/Program Files/JetBrains/IntelliJ IDEA Community Edition 2017.3.2/lib/jps-launcher.jar;C:/Program Files/Java/jdk1.8.0_152/lib/tools.jar;C:/Program Files/JetBrains/IntelliJ IDEA Community Edition 2017.3.2/lib/optimizedFileManager.jar
2018-02-07 19:19:15,464 [    468]   INFO - etbrains.jps.cmdline.BuildMain - Connection to IDE established in 437 ms
2018-02-07 19:19:15,682 [    686]   INFO - jps.cmdline.JpsModelLoaderImpl - Loading model: project path = C:/Users/dmonroe/IdeaProjects/Project Uno HW1, global options path = C:/Users/dmonroe/.IdeaIC2017.3/config/options
2018-02-07 19:19:15,947 [    951]   INFO - jps.cmdline.JpsModelLoaderImpl - Model loaded in 265 ms
2018-02-07 19:19:15,947 [    951]   INFO - jps.cmdline.JpsModelLoaderImpl - Project has 1 modules, 0 libraries
2018-02-07 19:19:16,056 [   1060]   INFO - ellij.util.io.PagedFileStorage - lower=100; upper=200; buffer=10; max=656
2018-02-07 19:19:16,478 [   1482]   INFO - .incremental.IncProjectBuilder - Building project; isRebuild:true; isMake:false parallel compilation:false
2018-02-07 19:19:16,478 [   1482]   INFO - kotlin.jps.build.KotlinBuilder - is Kotlin incremental compilation enabled: true
2018-02-07 19:19:16,524 [   1528]   INFO - kotlin.jps.build.KotlinBuilder - is Kotlin compiler daemon enabled: true
2018-02-07 19:19:16,524 [   1528]   INFO - kotlin.jps.build.KotlinBuilder - Label in local history: build started fd62c56d
2018-02-07 19:19:16,524 [   1528]   INFO - CompilerBackwardReferenceIndex - backward reference index version differ due to: class java.io.FileNotFoundException
2018-02-07 19:19:16,930 [   1934]   INFO - .incremental.IncProjectBuilder - Cleaned output directories in 16 ms
2018-02-07 19:19:17,741 [   2745]   INFO - s.incremental.java.JavaBuilder - Compiling 1 java files; module: Project Uno HW1
2018-02-07 19:19:18,209 [   3213]   INFO - s.incremental.java.JavaBuilder - javac 1.8.0_152 was used to compile [Project Uno HW1]
2018-02-07 19:19:18,568 [   3572]   INFO - penapi.util.io.win32.IdeaWin32 - Native filesystem for Windows is operational
2018-02-07 19:19:20,013 [      0]   INFO - etbrains.jps.cmdline.BuildMain - ==================================================
2018-02-07 19:19:20,013 [      0]   INFO - etbrains.jps.cmdline.BuildMain - Build process started. Classpath: C:/Program Files/JetBrains/IntelliJ IDEA Community Edition 2017.3.2/lib/jps-launcher.jar;C:/Program Files/Java/jdk1.8.0_152/lib/tools.jar;C:/Program Files/JetBrains/IntelliJ IDEA Community Edition 2017.3.2/lib/optimizedFileManager.jar
2018-02-07 19:19:20,637 [    624]   INFO - etbrains.jps.cmdline.BuildMain - Connection to IDE established in 546 ms
2018-02-07 19:19:20,653 [    640]   INFO - penapi.util.io.win32.IdeaWin32 - Native filesystem for Windows is operational
2018-02-07 19:19:20,684 [    671]   INFO - jps.cmdline.JpsModelLoaderImpl - Loading model: project path = C:/Users/dmonroe/IdeaProjects/Project Uno HW1, global options path = C:/Users/dmonroe/.IdeaIC2017.3/config/options
2018-02-07 19:19:20,996 [    983]   INFO - jps.cmdline.JpsModelLoaderImpl - Model loaded in 312 ms
2018-02-07 19:19:20,996 [    983]   INFO - jps.cmdline.JpsModelLoaderImpl - Project has 1 modules, 0 libraries
2018-02-07 19:19:21,152 [   1139]   INFO - ellij.util.io.PagedFileStorage - lower=100; upper=200; buffer=10; max=656
2018-02-07 19:19:21,386 [   1373]   INFO - etbrains.jps.cmdline.BuildMain - Pre-loaded process ready in 1373 ms
2018-02-07 19:19:21,511 [   1498]   INFO - etbrains.jps.cmdline.BuildMain - Build canceled, but no build session is running. Exiting.
2018-02-07 19:46:46,605 [      0]   INFO - etbrains.jps.cmdline.BuildMain - ==================================================
2018-02-07 19:46:46,605 [      0]   INFO - etbrains.jps.cmdline.BuildMain - Build process started. Classpath: C:/Program Files/JetBrains/IntelliJ IDEA Community Edition 2017.3.2/lib/jps-launcher.jar;C:/Program Files/Java/jdk1.8.0_152/lib/tools.jar;C:/Program Files/JetBrains/IntelliJ IDEA Community Edition 2017.3.2/lib/optimizedFileManager.jar
2018-02-07 19:46:47,042 [    437]   INFO - etbrains.jps.cmdline.BuildMain - Connection to IDE established in 406 ms
2018-02-07 19:46:47,182 [    577]   INFO - jps.cmdline.JpsModelLoaderImpl - Loading model: project path = C:/Users/dmonroe/IdeaProjects/Project Uno HW1, global options path = C:/Users/dmonroe/.IdeaIC2017.3/config/options
2018-02-07 19:46:47,416 [    811]   INFO - jps.cmdline.JpsModelLoaderImpl - Model loaded in 234 ms
2018-02-07 19:46:47,416 [    811]   INFO - jps.cmdline.JpsModelLoaderImpl - Project has 1 modules, 0 libraries
2018-02-07 19:46:47,510 [    905]   INFO - ellij.util.io.PagedFileStorage - lower=100; upper=200; buffer=10; max=656
2018-02-07 19:46:47,650 [   1045]   INFO - .incremental.IncProjectBuilder - Building project; isRebuild:false; isMake:true parallel compilation:false
2018-02-07 19:46:47,650 [   1045]   INFO - kotlin.jps.build.KotlinBuilder - is Kotlin incremental compilation enabled: true
2018-02-07 19:46:47,682 [   1077]   INFO - kotlin.jps.build.KotlinBuilder - is Kotlin compiler daemon enabled: true
2018-02-07 19:46:47,682 [   1077]   INFO - kotlin.jps.build.KotlinBuilder - Label in local history: build started eb25be66
2018-02-07 19:46:47,728 [   1123]   INFO - .incremental.IncProjectBuilder - Cleaned output directories in 0 ms
2018-02-07 19:46:48,025 [   1420]   INFO - penapi.util.io.win32.IdeaWin32 - Native filesystem for Windows is operational
2018-02-07 19:46:48,103 [   1498]   INFO - s.incremental.java.JavaBuilder - Compiling 1 java files; module: Project Uno HW1
2018-02-07 19:46:48,430 [   1825]   INFO - brains.jps.incremental.Builder - Dependency analysis found 0 affected files
2018-02-07 19:46:48,446 [   1841]   INFO - s.incremental.java.JavaBuilder - javac 1.8.0_152 was used to compile [Project Uno HW1]
2018-02-07 19:46:49,104 [      0]   INFO - etbrains.jps.cmdline.BuildMain - ==================================================
2018-02-07 19:46:49,104 [      0]   INFO - etbrains.jps.cmdline.BuildMain - Build process started. Classpath: C:/Program Files/JetBrains/IntelliJ IDEA Community Edition 2017.3.2/lib/jps-launcher.jar;C:/Program Files/Java/jdk1.8.0_152/lib/tools.jar;C:/Program Files/JetBrains/IntelliJ IDEA Community Edition 2017.3.2/lib/optimizedFileManager.jar
2018-02-07 19:46:49,479 [    375]   INFO - etbrains.jps.cmdline.BuildMain - Connection to IDE established in 344 ms
2018-02-07 19:46:49,494 [    390]   INFO - penapi.util.io.win32.IdeaWin32 - Native filesystem for Windows is operational
2018-02-07 19:46:49,525 [    421]   INFO - jps.cmdline.JpsModelLoaderImpl - Loading model: project path = C:/Users/dmonroe/IdeaProjects/Project Uno HW1, global options path = C:/Users/dmonroe/.IdeaIC2017.3/config/options
2018-02-07 19:46:49,744 [    640]   INFO - jps.cmdline.JpsModelLoaderImpl - Model loaded in 219 ms
2018-02-07 19:46:49,744 [    640]   INFO - jps.cmdline.JpsModelLoaderImpl - Project has 1 modules, 0 libraries
2018-02-07 19:46:49,822 [    718]   INFO - ellij.util.io.PagedFileStorage - lower=100; upper=200; buffer=10; max=656
2018-02-07 19:46:49,978 [    874]   INFO - etbrains.jps.cmdline.BuildMain - Pre-loaded process ready in 889 ms
2018-02-07 19:49:44,523 [ 175419]   INFO - .incremental.IncProjectBuilder - Building project; isRebuild:false; isMake:true parallel compilation:false
2018-02-07 19:49:44,523 [ 175419]   INFO - kotlin.jps.build.KotlinBuilder - is Kotlin incremental compilation enabled: true
2018-02-07 19:49:44,570 [ 175466]   INFO - kotlin.jps.build.KotlinBuilder - is Kotlin compiler daemon enabled: true
2018-02-07 19:49:44,570 [ 175466]   INFO - kotlin.jps.build.KotlinBuilder - Label in local history: build started bbd305d0
2018-02-07 19:49:44,633 [ 175529]   INFO - .incremental.IncProjectBuilder - Cleaned output directories in 16 ms
2018-02-07 19:49:44,711 [ 175607]   INFO - s.incremental.java.JavaBuilder - Compiling 1 java files; module: Project Uno HW1
2018-02-07 19:49:45,288 [ 176184]   INFO - brains.jps.incremental.Builder - Dependency analysis found 0 affected files
2018-02-07 19:49:45,428 [ 176324]   INFO - rains.jps.cmdline.BuildSession - Build duration: 'java' builder took 561 ms, 1 sources processed
2018-02-07 19:49:45,428 [ 176324]   INFO - s.incremental.java.JavaBuilder - javac 1.8.0_152 was used to compile [Project Uno HW1]
2018-02-07 19:49:46,729 [      0]   INFO - etbrains.jps.cmdline.BuildMain - ==================================================
2018-02-07 19:49:46,729 [      0]   INFO - etbrains.jps.cmdline.BuildMain - Build process started. Classpath: C:/Program Files/JetBrains/IntelliJ IDEA Community Edition 2017.3.2/lib/jps-launcher.jar;C:/Program Files/Java/jdk1.8.0_152/lib/tools.jar;C:/Program Files/JetBrains/IntelliJ IDEA Community Edition 2017.3.2/lib/optimizedFileManager.jar
2018-02-07 19:49:47,759 [   1030]   INFO - etbrains.jps.cmdline.BuildMain - Connection to IDE established in 983 ms
2018-02-07 19:49:47,774 [   1045]   INFO - penapi.util.io.win32.IdeaWin32 - Native filesystem for Windows is operational
2018-02-07 19:49:47,805 [   1076]   INFO - jps.cmdline.JpsModelLoaderImpl - Loading model: project path = C:/Users/dmonroe/IdeaProjects/Project Uno HW1, global options path = C:/Users/dmonroe/.IdeaIC2017.3/config/options
2018-02-07 19:49:48,039 [   1310]   INFO - jps.cmdline.JpsModelLoaderImpl - Model loaded in 234 ms
2018-02-07 19:49:48,039 [   1310]   INFO - jps.cmdline.JpsModelLoaderImpl - Project has 1 modules, 0 libraries
2018-02-07 19:49:48,133 [   1404]   INFO - ellij.util.io.PagedFileStorage - lower=100; upper=200; buffer=10; max=656
2018-02-07 19:49:48,273 [   1544]   INFO - etbrains.jps.cmdline.BuildMain - Pre-loaded process ready in 1544 ms
2018-02-07 19:51:15,373 [  88644]   INFO - .incremental.IncProjectBuilder - Building project; isRebuild:false; isMake:true parallel compilation:false
2018-02-07 19:51:15,373 [  88644]   INFO - kotlin.jps.build.KotlinBuilder - is Kotlin incremental compilation enabled: true
2018-02-07 19:51:15,405 [  88676]   INFO - kotlin.jps.build.KotlinBuilder - is Kotlin compiler daemon enabled: true
2018-02-07 19:51:15,405 [  88676]   INFO - kotlin.jps.build.KotlinBuilder - Label in local history: build started 56000cfe
2018-02-07 19:51:15,451 [  88722]   INFO - .incremental.IncProjectBuilder - Cleaned output directories in 0 ms
2018-02-07 19:51:15,561 [  88832]   INFO - s.incremental.java.JavaBuilder - Compiling 1 java files; module: Project Uno HW1
2018-02-07 19:51:16,122 [  89393]   INFO - brains.jps.incremental.Builder - Dependency analysis found 0 affected files
2018-02-07 19:51:16,200 [  89471]   INFO - rains.jps.cmdline.BuildSession - Build duration: 'java' builder took 536 ms, 1 sources processed
2018-02-07 19:51:16,200 [  89471]   INFO - s.incremental.java.JavaBuilder - javac 1.8.0_152 was used to compile [Project Uno HW1]
2018-02-07 19:51:17,078 [      0]   INFO - etbrains.jps.cmdline.BuildMain - ==================================================
2018-02-07 19:51:17,078 [      0]   INFO - etbrains.jps.cmdline.BuildMain - Build process started. Classpath: C:/Program Files/JetBrains/IntelliJ IDEA Community Edition 2017.3.2/lib/jps-launcher.jar;C:/Program Files/Java/jdk1.8.0_152/lib/tools.jar;C:/Program Files/JetBrains/IntelliJ IDEA Community Edition 2017.3.2/lib/optimizedFileManager.jar
2018-02-07 19:51:17,468 [    390]   INFO - etbrains.jps.cmdline.BuildMain - Connection to IDE established in 359 ms
2018-02-07 19:51:17,483 [    405]   INFO - penapi.util.io.win32.IdeaWin32 - Native filesystem for Windows is operational
2018-02-07 19:51:17,515 [    437]   INFO - jps.cmdline.JpsModelLoaderImpl - Loading model: project path = C:/Users/dmonroe/IdeaProjects/Project Uno HW1, global options path = C:/Users/dmonroe/.IdeaIC2017.3/config/options
2018-02-07 19:51:17,733 [    655]   INFO - jps.cmdline.JpsModelLoaderImpl - Model loaded in 218 ms
2018-02-07 19:51:17,733 [    655]   INFO - jps.cmdline.JpsModelLoaderImpl - Project has 1 modules, 0 libraries
2018-02-07 19:51:17,811 [    733]   INFO - ellij.util.io.PagedFileStorage - lower=100; upper=200; buffer=10; max=656
2018-02-07 19:51:17,951 [    873]   INFO - etbrains.jps.cmdline.BuildMain - Pre-loaded process ready in 873 ms
2018-02-07 20:00:46,566 [ 569488]   INFO - etbrains.jps.cmdline.BuildMain - Build canceled, but no build session is running. Exiting.
2018-02-12 18:23:30,213 [      0]   INFO - etbrains.jps.cmdline.BuildMain - ==================================================
2018-02-12 18:23:30,213 [      0]   INFO - etbrains.jps.cmdline.BuildMain - Build process started. Classpath: C:/Program Files/JetBrains/IntelliJ IDEA Community Edition 2017.3.2/lib/jps-launcher.jar;C:/Program Files/Java/jdk1.8.0_152/lib/tools.jar;C:/Program Files/JetBrains/IntelliJ IDEA Community Edition 2017.3.2/lib/optimizedFileManager.jar
2018-02-12 18:23:32,553 [   2340]   INFO - etbrains.jps.cmdline.BuildMain - Connection to IDE established in 2215 ms
2018-02-12 18:23:32,990 [   2777]   INFO - jps.cmdline.JpsModelLoaderImpl - Loading model: project path = C:/Users/dmonroe/IdeaProjects/Project Uno HW1, global options path = C:/Users/dmonroe/.IdeaIC2017.3/config/options
2018-02-12 18:23:33,583 [   3370]   INFO - jps.cmdline.JpsModelLoaderImpl - Model loaded in 593 ms
2018-02-12 18:23:33,583 [   3370]   INFO - jps.cmdline.JpsModelLoaderImpl - Project has 1 modules, 0 libraries
2018-02-12 18:23:33,832 [   3619]   INFO - ellij.util.io.PagedFileStorage - lower=100; upper=200; buffer=10; max=656
2018-02-12 18:23:34,269 [   4056]   INFO - penapi.util.io.win32.IdeaWin32 - Native filesystem for Windows is operational
2018-02-12 18:23:35,461 [      0]   INFO - etbrains.jps.cmdline.BuildMain - ==================================================
2018-02-12 18:23:35,461 [      0]   INFO - etbrains.jps.cmdline.BuildMain - Build process started. Classpath: C:/Program Files/JetBrains/IntelliJ IDEA Community Edition 2017.3.2/lib/jps-launcher.jar;C:/Program Files/Java/jdk1.8.0_152/lib/tools.jar;C:/Program Files/JetBrains/IntelliJ IDEA Community Edition 2017.3.2/lib/optimizedFileManager.jar
2018-02-12 18:23:36,256 [    795]   INFO - etbrains.jps.cmdline.BuildMain - Connection to IDE established in 764 ms
2018-02-12 18:23:36,288 [    827]   INFO - penapi.util.io.win32.IdeaWin32 - Native filesystem for Windows is operational
2018-02-12 18:23:36,350 [    889]   INFO - jps.cmdline.JpsModelLoaderImpl - Loading model: project path = C:/Users/dmonroe/IdeaProjects/Project Uno HW1, global options path = C:/Users/dmonroe/.IdeaIC2017.3/config/options
2018-02-12 18:23:36,786 [   1325]   INFO - jps.cmdline.JpsModelLoaderImpl - Model loaded in 436 ms
2018-02-12 18:23:36,786 [   1325]   INFO - jps.cmdline.JpsModelLoaderImpl - Project has 1 modules, 0 libraries
2018-02-12 18:23:36,927 [   1466]   INFO - ellij.util.io.PagedFileStorage - lower=100; upper=200; buffer=10; max=656
2018-02-12 18:23:37,207 [   1746]   INFO - etbrains.jps.cmdline.BuildMain - Pre-loaded process ready in 1762 ms
2018-02-12 18:27:43,035 [ 247574]   INFO - .incremental.IncProjectBuilder - Building project; isRebuild:false; isMake:true parallel compilation:false
2018-02-12 18:27:43,051 [ 247590]   INFO - kotlin.jps.build.KotlinBuilder - is Kotlin incremental compilation enabled: true
2018-02-12 18:27:43,098 [ 247637]   INFO - kotlin.jps.build.KotlinBuilder - is Kotlin compiler daemon enabled: true
2018-02-12 18:27:43,098 [ 247637]   INFO - kotlin.jps.build.KotlinBuilder - Label in local history: build started a5505902
2018-02-12 18:27:43,223 [ 247762]   INFO - .incremental.IncProjectBuilder - Cleaned output directories in 0 ms
2018-02-12 18:27:43,441 [ 247980]   INFO - s.incremental.java.JavaBuilder - Compiling 1 java files; module: Project Uno HW1
2018-02-12 18:27:45,079 [ 249618]   INFO - brains.jps.incremental.Builder - Dependency analysis found 0 affected files
2018-02-12 18:27:45,204 [ 249743]   INFO - rains.jps.cmdline.BuildSession - Build duration: 'java' builder took 1593 ms, 1 sources processed
2018-02-12 18:27:45,204 [ 249743]   INFO - s.incremental.java.JavaBuilder - javac 1.8.0_152 was used to compile [Project Uno HW1]
2018-02-12 18:27:46,428 [      0]   INFO - etbrains.jps.cmdline.BuildMain - ==================================================
2018-02-12 18:27:46,428 [      0]   INFO - etbrains.jps.cmdline.BuildMain - Build process started. Classpath: C:/Program Files/JetBrains/IntelliJ IDEA Community Edition 2017.3.2/lib/jps-launcher.jar;C:/Program Files/Java/jdk1.8.0_152/lib/tools.jar;C:/Program Files/JetBrains/IntelliJ IDEA Community Edition 2017.3.2/lib/optimizedFileManager.jar
2018-02-12 18:27:46,864 [    436]   INFO - etbrains.jps.cmdline.BuildMain - Connection to IDE established in 374 ms
2018-02-12 18:27:46,880 [    452]   INFO - penapi.util.io.win32.IdeaWin32 - Native filesystem for Windows is operational
2018-02-12 18:27:46,927 [    499]   INFO - jps.cmdline.JpsModelLoaderImpl - Loading model: project path = C:/Users/dmonroe/IdeaProjects/Project Uno HW1, global options path = C:/Users/dmonroe/.IdeaIC2017.3/config/options
2018-02-12 18:27:47,161 [    733]   INFO - jps.cmdline.JpsModelLoaderImpl - Model loaded in 234 ms
2018-02-12 18:27:47,161 [    733]   INFO - jps.cmdline.JpsModelLoaderImpl - Project has 1 modules, 0 libraries
2018-02-12 18:27:47,254 [    826]   INFO - ellij.util.io.PagedFileStorage - lower=100; upper=200; buffer=10; max=656
2018-02-12 18:27:47,379 [    951]   INFO - etbrains.jps.cmdline.BuildMain - Pre-loaded process ready in 951 ms
2018-02-12 18:31:22,578 [ 216150]   INFO - .incremental.IncProjectBuilder - Building project; isRebuild:false; isMake:true parallel compilation:false
2018-02-12 18:31:22,582 [ 216154]   INFO - kotlin.jps.build.KotlinBuilder - is Kotlin incremental compilation enabled: true
2018-02-12 18:31:22,626 [ 216198]   INFO - kotlin.jps.build.KotlinBuilder - is Kotlin compiler daemon enabled: true
2018-02-12 18:31:22,626 [ 216198]   INFO - kotlin.jps.build.KotlinBuilder - Label in local history: build started 302900a0
2018-02-12 18:31:22,726 [ 216298]   INFO - .incremental.IncProjectBuilder - Cleaned output directories in 4 ms
2018-02-12 18:31:22,872 [ 216444]   INFO - s.incremental.java.JavaBuilder - Compiling 1 java files; module: Project Uno HW1
2018-02-12 18:31:23,623 [ 217195]   INFO - brains.jps.incremental.Builder - Dependency analysis found 0 affected files
2018-02-12 18:31:23,729 [ 217301]   INFO - rains.jps.cmdline.BuildSession - Build duration: 'java' builder took 731 ms, 1 sources processed
2018-02-12 18:31:23,731 [ 217303]   INFO - s.incremental.java.JavaBuilder - javac 1.8.0_152 was used to compile [Project Uno HW1]
2018-02-12 18:31:24,799 [      0]   INFO - etbrains.jps.cmdline.BuildMain - ==================================================
2018-02-12 18:31:24,800 [      1]   INFO - etbrains.jps.cmdline.BuildMain - Build process started. Classpath: C:/Program Files/JetBrains/IntelliJ IDEA Community Edition 2017.3.2/lib/jps-launcher.jar;C:/Program Files/Java/jdk1.8.0_152/lib/tools.jar;C:/Program Files/JetBrains/IntelliJ IDEA Community Edition 2017.3.2/lib/optimizedFileManager.jar
2018-02-12 18:31:25,188 [    389]   INFO - etbrains.jps.cmdline.BuildMain - Connection to IDE established in 354 ms
2018-02-12 18:31:25,203 [    404]   INFO - penapi.util.io.win32.IdeaWin32 - Native filesystem for Windows is operational
2018-02-12 18:31:25,232 [    433]   INFO - jps.cmdline.JpsModelLoaderImpl - Loading model: project path = C:/Users/dmonroe/IdeaProjects/Project Uno HW1, global options path = C:/Users/dmonroe/.IdeaIC2017.3/config/options
2018-02-12 18:31:25,524 [    725]   INFO - jps.cmdline.JpsModelLoaderImpl - Model loaded in 292 ms
2018-02-12 18:31:25,524 [    725]   INFO - jps.cmdline.JpsModelLoaderImpl - Project has 1 modules, 0 libraries
2018-02-12 18:31:25,617 [    818]   INFO - ellij.util.io.PagedFileStorage - lower=100; upper=200; buffer=10; max=656
2018-02-12 18:31:25,766 [    967]   INFO - etbrains.jps.cmdline.BuildMain - Pre-loaded process ready in 969 ms
2018-02-12 18:46:20,332 [ 895533]   INFO - .incremental.IncProjectBuilder - Building project; isRebuild:false; isMake:true parallel compilation:false
2018-02-12 18:46:20,336 [ 895537]   INFO - kotlin.jps.build.KotlinBuilder - is Kotlin incremental compilation enabled: true
2018-02-12 18:46:20,383 [ 895584]   INFO - kotlin.jps.build.KotlinBuilder - is Kotlin compiler daemon enabled: true
2018-02-12 18:46:20,383 [ 895584]   INFO - kotlin.jps.build.KotlinBuilder - Label in local history: build started b7250b93
2018-02-12 18:46:20,445 [ 895646]   INFO - .incremental.IncProjectBuilder - Cleaned output directories in 5 ms
2018-02-12 18:46:20,646 [ 895847]   INFO - s.incremental.java.JavaBuilder - Compiling 2 java files; module: Project Uno HW1
2018-02-12 18:46:21,455 [ 896656]   INFO - brains.jps.incremental.Builder - Dependency analysis found 0 affected files
2018-02-12 18:46:21,619 [ 896820]   INFO - rains.jps.cmdline.BuildSession - Build duration: 'java' builder took 796 ms, 2 sources processed
2018-02-12 18:46:21,621 [ 896822]   INFO - s.incremental.java.JavaBuilder - javac 1.8.0_152 was used to compile [Project Uno HW1]
2018-02-12 18:46:22,990 [      0]   INFO - etbrains.jps.cmdline.BuildMain - ==================================================
2018-02-12 18:46:22,990 [      0]   INFO - etbrains.jps.cmdline.BuildMain - Build process started. Classpath: C:/Program Files/JetBrains/IntelliJ IDEA Community Edition 2017.3.2/lib/jps-launcher.jar;C:/Program Files/Java/jdk1.8.0_152/lib/tools.jar;C:/Program Files/JetBrains/IntelliJ IDEA Community Edition 2017.3.2/lib/optimizedFileManager.jar
2018-02-12 18:46:23,507 [    517]   INFO - etbrains.jps.cmdline.BuildMain - Connection to IDE established in 450 ms
2018-02-12 18:46:23,527 [    537]   INFO - penapi.util.io.win32.IdeaWin32 - Native filesystem for Windows is operational
2018-02-12 18:46:23,568 [    578]   INFO - jps.cmdline.JpsModelLoaderImpl - Loading model: project path = C:/Users/dmonroe/IdeaProjects/Project Uno HW1, global options path = C:/Users/dmonroe/.IdeaIC2017.3/config/options
2018-02-12 18:46:23,822 [    832]   INFO - jps.cmdline.JpsModelLoaderImpl - Model loaded in 254 ms
2018-02-12 18:46:23,823 [    833]   INFO - jps.cmdline.JpsModelLoaderImpl - Project has 1 modules, 0 libraries
2018-02-12 18:46:23,913 [    923]   INFO - ellij.util.io.PagedFileStorage - lower=100; upper=200; buffer=10; max=656
2018-02-12 18:46:24,078 [   1088]   INFO - etbrains.jps.cmdline.BuildMain - Pre-loaded process ready in 1090 ms
2018-02-12 18:46:50,201 [  27211]   INFO - .incremental.IncProjectBuilder - Building project; isRebuild:false; isMake:true parallel compilation:false
2018-02-12 18:46:50,204 [  27214]   INFO - kotlin.jps.build.KotlinBuilder - is Kotlin incremental compilation enabled: true
2018-02-12 18:46:50,236 [  27246]   INFO - kotlin.jps.build.KotlinBuilder - is Kotlin compiler daemon enabled: true
2018-02-12 18:46:50,236 [  27246]   INFO - kotlin.jps.build.KotlinBuilder - Label in local history: build started 470fffce
2018-02-12 18:46:50,293 [  27303]   INFO - .incremental.IncProjectBuilder - Cleaned output directories in 2 ms
2018-02-12 18:46:50,389 [  27399]   INFO - s.incremental.java.JavaBuilder - Compiling 1 java files; module: Project Uno HW1
2018-02-12 18:46:50,982 [  27992]   INFO - brains.jps.incremental.Builder - Dependency analysis found 0 affected files
2018-02-12 18:46:51,069 [  28079]   INFO - rains.jps.cmdline.BuildSession - Build duration: 'java' builder took 571 ms, 1 sources processed
2018-02-12 18:46:51,071 [  28081]   INFO - s.incremental.java.JavaBuilder - javac 1.8.0_152 was used to compile [Project Uno HW1]
2018-02-12 18:46:52,093 [      0]   INFO - etbrains.jps.cmdline.BuildMain - ==================================================
2018-02-12 18:46:52,094 [      1]   INFO - etbrains.jps.cmdline.BuildMain - Build process started. Classpath: C:/Program Files/JetBrains/IntelliJ IDEA Community Edition 2017.3.2/lib/jps-launcher.jar;C:/Program Files/Java/jdk1.8.0_152/lib/tools.jar;C:/Program Files/JetBrains/IntelliJ IDEA Community Edition 2017.3.2/lib/optimizedFileManager.jar
2018-02-12 18:46:52,491 [    398]   INFO - etbrains.jps.cmdline.BuildMain - Connection to IDE established in 364 ms
2018-02-12 18:46:52,506 [    413]   INFO - penapi.util.io.win32.IdeaWin32 - Native filesystem for Windows is operational
2018-02-12 18:46:52,537 [    444]   INFO - jps.cmdline.JpsModelLoaderImpl - Loading model: project path = C:/Users/dmonroe/IdeaProjects/Project Uno HW1, global options path = C:/Users/dmonroe/.IdeaIC2017.3/config/options
2018-02-12 18:46:52,778 [    685]   INFO - jps.cmdline.JpsModelLoaderImpl - Model loaded in 241 ms
2018-02-12 18:46:52,779 [    686]   INFO - jps.cmdline.JpsModelLoaderImpl - Project has 1 modules, 0 libraries
2018-02-12 18:46:52,867 [    774]   INFO - ellij.util.io.PagedFileStorage - lower=100; upper=200; buffer=10; max=656
2018-02-12 18:46:53,020 [    927]   INFO - etbrains.jps.cmdline.BuildMain - Pre-loaded process ready in 928 ms
2018-02-12 18:57:15,997 [ 623904]   INFO - .incremental.IncProjectBuilder - Building project; isRebuild:false; isMake:true parallel compilation:false
2018-02-12 18:57:15,997 [ 623904]   INFO - kotlin.jps.build.KotlinBuilder - is Kotlin incremental compilation enabled: true
2018-02-12 18:57:16,043 [ 623950]   INFO - kotlin.jps.build.KotlinBuilder - is Kotlin compiler daemon enabled: true
2018-02-12 18:57:16,043 [ 623950]   INFO - kotlin.jps.build.KotlinBuilder - Label in local history: build started 6d5532e0
2018-02-12 18:57:16,106 [ 624013]   INFO - .incremental.IncProjectBuilder - Cleaned output directories in 0 ms
2018-02-12 18:57:16,262 [ 624169]   INFO - s.incremental.java.JavaBuilder - Compiling 1 java files; module: Project Uno HW1
2018-02-12 18:57:16,886 [ 624793]   INFO - brains.jps.incremental.Builder - Dependency analysis found 0 affected files
2018-02-12 18:57:16,964 [ 624871]   INFO - rains.jps.cmdline.BuildSession - Build duration: 'java' builder took 591 ms, 1 sources processed
2018-02-12 18:57:16,964 [ 624871]   INFO - s.incremental.java.JavaBuilder - javac 1.8.0_152 was used to compile [Project Uno HW1]
2018-02-12 18:57:17,950 [      0]   INFO - etbrains.jps.cmdline.BuildMain - ==================================================
2018-02-12 18:57:17,950 [      0]   INFO - etbrains.jps.cmdline.BuildMain - Build process started. Classpath: C:/Program Files/JetBrains/IntelliJ IDEA Community Edition 2017.3.2/lib/jps-launcher.jar;C:/Program Files/Java/jdk1.8.0_152/lib/tools.jar;C:/Program Files/JetBrains/IntelliJ IDEA Community Edition 2017.3.2/lib/optimizedFileManager.jar
2018-02-12 18:57:18,324 [    374]   INFO - etbrains.jps.cmdline.BuildMain - Connection to IDE established in 343 ms
2018-02-12 18:57:18,340 [    390]   INFO - penapi.util.io.win32.IdeaWin32 - Native filesystem for Windows is operational
2018-02-12 18:57:18,371 [    421]   INFO - jps.cmdline.JpsModelLoaderImpl - Loading model: project path = C:/Users/dmonroe/IdeaProjects/Project Uno HW1, global options path = C:/Users/dmonroe/.IdeaIC2017.3/config/options
2018-02-12 18:57:18,605 [    655]   INFO - jps.cmdline.JpsModelLoaderImpl - Model loaded in 234 ms
2018-02-12 18:57:18,605 [    655]   INFO - jps.cmdline.JpsModelLoaderImpl - Project has 1 modules, 0 libraries
2018-02-12 18:57:18,683 [    733]   INFO - ellij.util.io.PagedFileStorage - lower=100; upper=200; buffer=10; max=656
2018-02-12 18:57:18,823 [    873]   INFO - etbrains.jps.cmdline.BuildMain - Pre-loaded process ready in 873 ms
2018-02-12 18:57:35,085 [  17135]   INFO - etbrains.jps.cmdline.BuildMain - Build canceled, but no build session is running. Exiting.
2018-02-14 18:03:46,331 [      0]   INFO - etbrains.jps.cmdline.BuildMain - ==================================================
2018-02-14 18:03:46,331 [      0]   INFO - etbrains.jps.cmdline.BuildMain - Build process started. Classpath: C:/Program Files/JetBrains/IntelliJ IDEA Community Edition 2017.3.2/lib/jps-launcher.jar;C:/Program Files/Java/jdk1.8.0_152/lib/tools.jar;C:/Program Files/JetBrains/IntelliJ IDEA Community Edition 2017.3.2/lib/optimizedFileManager.jar
2018-02-14 18:03:47,376 [   1045]   INFO - etbrains.jps.cmdline.BuildMain - Connection to IDE established in 982 ms
2018-02-14 18:03:47,735 [   1404]   INFO - jps.cmdline.JpsModelLoaderImpl - Loading model: project path = C:/Users/dmonroe/IdeaProjects/Project Uno HW1, global options path = C:/Users/dmonroe/.IdeaIC2017.3/config/options
2018-02-14 18:03:48,656 [   2325]   INFO - jps.cmdline.JpsModelLoaderImpl - Model loaded in 921 ms
2018-02-14 18:03:48,656 [   2325]   INFO - jps.cmdline.JpsModelLoaderImpl - Project has 1 modules, 0 libraries
2018-02-14 18:03:48,905 [   2574]   INFO - ellij.util.io.PagedFileStorage - lower=100; upper=200; buffer=10; max=656
2018-02-14 18:03:49,623 [   3292]   INFO - penapi.util.io.win32.IdeaWin32 - Native filesystem for Windows is operational
2018-02-14 18:03:51,283 [      0]   INFO - etbrains.jps.cmdline.BuildMain - ==================================================
2018-02-14 18:03:51,283 [      0]   INFO - etbrains.jps.cmdline.BuildMain - Build process started. Classpath: C:/Program Files/JetBrains/IntelliJ IDEA Community Edition 2017.3.2/lib/jps-launcher.jar;C:/Program Files/Java/jdk1.8.0_152/lib/tools.jar;C:/Program Files/JetBrains/IntelliJ IDEA Community Edition 2017.3.2/lib/optimizedFileManager.jar
2018-02-14 18:03:51,985 [    702]   INFO - etbrains.jps.cmdline.BuildMain - Connection to IDE established in 656 ms
2018-02-14 18:03:52,016 [    733]   INFO - penapi.util.io.win32.IdeaWin32 - Native filesystem for Windows is operational
2018-02-14 18:03:52,094 [    811]   INFO - jps.cmdline.JpsModelLoaderImpl - Loading model: project path = C:/Users/dmonroe/IdeaProjects/Project Uno HW1, global options path = C:/Users/dmonroe/.IdeaIC2017.3/config/options
2018-02-14 18:03:52,624 [   1341]   INFO - jps.cmdline.JpsModelLoaderImpl - Model loaded in 530 ms
2018-02-14 18:03:52,624 [   1341]   INFO - jps.cmdline.JpsModelLoaderImpl - Project has 1 modules, 0 libraries
2018-02-14 18:03:52,780 [   1497]   INFO - ellij.util.io.PagedFileStorage - lower=100; upper=200; buffer=10; max=656
2018-02-14 18:03:53,045 [   1762]   INFO - etbrains.jps.cmdline.BuildMain - Pre-loaded process ready in 1762 ms
2018-02-14 18:15:34,355 [ 703072]   INFO - .incremental.IncProjectBuilder - Building project; isRebuild:false; isMake:true parallel compilation:false
2018-02-14 18:15:34,355 [ 703072]   INFO - kotlin.jps.build.KotlinBuilder - is Kotlin incremental compilation enabled: true
2018-02-14 18:15:34,387 [ 703104]   INFO - kotlin.jps.build.KotlinBuilder - is Kotlin compiler daemon enabled: true
2018-02-14 18:15:34,387 [ 703104]   INFO - kotlin.jps.build.KotlinBuilder - Label in local history: build started cd31f0dc
2018-02-14 18:15:34,496 [ 703213]   INFO - .incremental.IncProjectBuilder - Cleaned output directories in 0 ms
2018-02-14 18:15:34,683 [ 703400]   INFO - s.incremental.java.JavaBuilder - Compiling 1 java files; module: Project Uno HW1
2018-02-14 18:15:36,290 [ 705007]   INFO - brains.jps.incremental.Builder - Dependency analysis found 0 affected files
2018-02-14 18:15:36,384 [ 705101]   INFO - rains.jps.cmdline.BuildSession - Build duration: 'java' builder took 1562 ms, 1 sources processed
2018-02-14 18:15:36,384 [ 705101]   INFO - s.incremental.java.JavaBuilder - javac 1.8.0_152 was used to compile [Project Uno HW1]
2018-02-14 18:15:38,738 [      0]   INFO - etbrains.jps.cmdline.BuildMain - ==================================================
2018-02-14 18:15:38,738 [      0]   INFO - etbrains.jps.cmdline.BuildMain - Build process started. Classpath: C:/Program Files/JetBrains/IntelliJ IDEA Community Edition 2017.3.2/lib/jps-launcher.jar;C:/Program Files/Java/jdk1.8.0_152/lib/tools.jar;C:/Program Files/JetBrains/IntelliJ IDEA Community Edition 2017.3.2/lib/optimizedFileManager.jar
2018-02-14 18:15:39,128 [    390]   INFO - etbrains.jps.cmdline.BuildMain - Connection to IDE established in 359 ms
2018-02-14 18:15:39,174 [    436]   INFO - penapi.util.io.win32.IdeaWin32 - Native filesystem for Windows is operational
2018-02-14 18:15:39,206 [    468]   INFO - jps.cmdline.JpsModelLoaderImpl - Loading model: project path = C:/Users/dmonroe/IdeaProjects/Project Uno HW1, global options path = C:/Users/dmonroe/.IdeaIC2017.3/config/options
2018-02-14 18:15:39,455 [    717]   INFO - jps.cmdline.JpsModelLoaderImpl - Model loaded in 249 ms
2018-02-14 18:15:39,455 [    717]   INFO - jps.cmdline.JpsModelLoaderImpl - Project has 1 modules, 0 libraries
2018-02-14 18:15:39,533 [    795]   INFO - ellij.util.io.PagedFileStorage - lower=100; upper=200; buffer=10; max=656
2018-02-14 18:15:39,736 [    998]   INFO - etbrains.jps.cmdline.BuildMain - Pre-loaded process ready in 998 ms
2018-02-14 18:17:02,822 [  84084]   INFO - .incremental.IncProjectBuilder - Building project; isRebuild:false; isMake:true parallel compilation:false
2018-02-14 18:17:02,822 [  84084]   INFO - kotlin.jps.build.KotlinBuilder - is Kotlin incremental compilation enabled: true
2018-02-14 18:17:02,853 [  84115]   INFO - kotlin.jps.build.KotlinBuilder - is Kotlin compiler daemon enabled: true
2018-02-14 18:17:02,853 [  84115]   INFO - kotlin.jps.build.KotlinBuilder - Label in local history: build started 7d3f9237
2018-02-14 18:17:02,900 [  84162]   INFO - .incremental.IncProjectBuilder - Cleaned output directories in 16 ms
2018-02-14 18:17:03,009 [  84271]   INFO - s.incremental.java.JavaBuilder - Compiling 1 java files; module: Project Uno HW1
2018-02-14 18:17:03,602 [  84864]   INFO - brains.jps.incremental.Builder - Dependency analysis found 0 affected files
2018-02-14 18:17:03,633 [  84895]   INFO - s.incremental.java.JavaBuilder - javac 1.8.0_152 was used to compile [Project Uno HW1]
2018-02-14 18:17:04,512 [      0]   INFO - etbrains.jps.cmdline.BuildMain - ==================================================
2018-02-14 18:17:04,512 [      0]   INFO - etbrains.jps.cmdline.BuildMain - Build process started. Classpath: C:/Program Files/JetBrains/IntelliJ IDEA Community Edition 2017.3.2/lib/jps-launcher.jar;C:/Program Files/Java/jdk1.8.0_152/lib/tools.jar;C:/Program Files/JetBrains/IntelliJ IDEA Community Edition 2017.3.2/lib/optimizedFileManager.jar
2018-02-14 18:17:04,902 [    390]   INFO - etbrains.jps.cmdline.BuildMain - Connection to IDE established in 358 ms
2018-02-14 18:17:04,918 [    406]   INFO - penapi.util.io.win32.IdeaWin32 - Native filesystem for Windows is operational
2018-02-14 18:17:04,934 [    422]   INFO - jps.cmdline.JpsModelLoaderImpl - Loading model: project path = C:/Users/dmonroe/IdeaProjects/Project Uno HW1, global options path = C:/Users/dmonroe/.IdeaIC2017.3/config/options
2018-02-14 18:17:05,168 [    656]   INFO - jps.cmdline.JpsModelLoaderImpl - Model loaded in 234 ms
2018-02-14 18:17:05,168 [    656]   INFO - jps.cmdline.JpsModelLoaderImpl - Project has 1 modules, 0 libraries
2018-02-14 18:17:05,246 [    734]   INFO - ellij.util.io.PagedFileStorage - lower=100; upper=200; buffer=10; max=656
2018-02-14 18:17:05,386 [    874]   INFO - etbrains.jps.cmdline.BuildMain - Pre-loaded process ready in 874 ms
2018-02-14 18:17:16,150 [  11638]   INFO - .incremental.IncProjectBuilder - Building project; isRebuild:false; isMake:true parallel compilation:false
2018-02-14 18:17:16,150 [  11638]   INFO - kotlin.jps.build.KotlinBuilder - is Kotlin incremental compilation enabled: true
2018-02-14 18:17:16,181 [  11669]   INFO - kotlin.jps.build.KotlinBuilder - is Kotlin compiler daemon enabled: true
2018-02-14 18:17:16,181 [  11669]   INFO - kotlin.jps.build.KotlinBuilder - Label in local history: build started 3bb08dca
2018-02-14 18:17:16,228 [  11716]   INFO - .incremental.IncProjectBuilder - Cleaned output directories in 0 ms
2018-02-14 18:17:16,322 [  11810]   INFO - s.incremental.java.JavaBuilder - Compiling 1 java files; module: Project Uno HW1
2018-02-14 18:17:16,852 [  12340]   INFO - brains.jps.incremental.Builder - Dependency analysis found 0 affected files
2018-02-14 18:17:16,868 [  12356]   INFO - s.incremental.java.JavaBuilder - javac 1.8.0_152 was used to compile [Project Uno HW1]
2018-02-14 18:17:17,653 [      0]   INFO - etbrains.jps.cmdline.BuildMain - ==================================================
2018-02-14 18:17:17,653 [      0]   INFO - etbrains.jps.cmdline.BuildMain - Build process started. Classpath: C:/Program Files/JetBrains/IntelliJ IDEA Community Edition 2017.3.2/lib/jps-launcher.jar;C:/Program Files/Java/jdk1.8.0_152/lib/tools.jar;C:/Program Files/JetBrains/IntelliJ IDEA Community Edition 2017.3.2/lib/optimizedFileManager.jar
2018-02-14 18:17:18,136 [    483]   INFO - etbrains.jps.cmdline.BuildMain - Connection to IDE established in 452 ms
2018-02-14 18:17:18,152 [    499]   INFO - penapi.util.io.win32.IdeaWin32 - Native filesystem for Windows is operational
2018-02-14 18:17:18,183 [    530]   INFO - jps.cmdline.JpsModelLoaderImpl - Loading model: project path = C:/Users/dmonroe/IdeaProjects/Project Uno HW1, global options path = C:/Users/dmonroe/.IdeaIC2017.3/config/options
2018-02-14 18:17:18,433 [    780]   INFO - jps.cmdline.JpsModelLoaderImpl - Model loaded in 250 ms
2018-02-14 18:17:18,433 [    780]   INFO - jps.cmdline.JpsModelLoaderImpl - Project has 1 modules, 0 libraries
2018-02-14 18:17:18,542 [    889]   INFO - ellij.util.io.PagedFileStorage - lower=100; upper=200; buffer=10; max=656
2018-02-14 18:17:18,682 [   1029]   INFO - etbrains.jps.cmdline.BuildMain - Pre-loaded process ready in 1029 ms
2018-02-14 18:17:28,885 [  11232]   INFO - .incremental.IncProjectBuilder - Building project; isRebuild:false; isMake:true parallel compilation:false
2018-02-14 18:17:28,885 [  11232]   INFO - kotlin.jps.build.KotlinBuilder - is Kotlin incremental compilation enabled: true
2018-02-14 18:17:28,916 [  11263]   INFO - kotlin.jps.build.KotlinBuilder - is Kotlin compiler daemon enabled: true
2018-02-14 18:17:28,916 [  11263]   INFO - kotlin.jps.build.KotlinBuilder - Label in local history: build started 75375704
2018-02-14 18:17:28,963 [  11310]   INFO - .incremental.IncProjectBuilder - Cleaned output directories in 0 ms
2018-02-14 18:17:29,181 [  11528]   INFO - s.incremental.java.JavaBuilder - Compiling 1 java files; module: Project Uno HW1
2018-02-14 18:17:29,868 [  12215]   INFO - brains.jps.incremental.Builder - Dependency analysis found 0 affected files
2018-02-14 18:17:29,946 [  12293]   INFO - rains.jps.cmdline.BuildSession - Build duration: 'java' builder took 729 ms, 1 sources processed
2018-02-14 18:17:29,946 [  12293]   INFO - s.incremental.java.JavaBuilder - javac 1.8.0_152 was used to compile [Project Uno HW1]
2018-02-14 18:17:30,835 [      0]   INFO - etbrains.jps.cmdline.BuildMain - ==================================================
2018-02-14 18:17:30,835 [      0]   INFO - etbrains.jps.cmdline.BuildMain - Build process started. Classpath: C:/Program Files/JetBrains/IntelliJ IDEA Community Edition 2017.3.2/lib/jps-launcher.jar;C:/Program Files/Java/jdk1.8.0_152/lib/tools.jar;C:/Program Files/JetBrains/IntelliJ IDEA Community Edition 2017.3.2/lib/optimizedFileManager.jar
2018-02-14 18:17:31,210 [    375]   INFO - etbrains.jps.cmdline.BuildMain - Connection to IDE established in 344 ms
2018-02-14 18:17:31,225 [    390]   INFO - penapi.util.io.win32.IdeaWin32 - Native filesystem for Windows is operational
2018-02-14 18:17:31,256 [    421]   INFO - jps.cmdline.JpsModelLoaderImpl - Loading model: project path = C:/Users/dmonroe/IdeaProjects/Project Uno HW1, global options path = C:/Users/dmonroe/.IdeaIC2017.3/config/options
2018-02-14 18:17:31,506 [    671]   INFO - jps.cmdline.JpsModelLoaderImpl - Model loaded in 250 ms
2018-02-14 18:17:31,506 [    671]   INFO - jps.cmdline.JpsModelLoaderImpl - Project has 1 modules, 0 libraries
2018-02-14 18:17:31,584 [    749]   INFO - ellij.util.io.PagedFileStorage - lower=100; upper=200; buffer=10; max=656
2018-02-14 18:17:31,740 [    905]   INFO - etbrains.jps.cmdline.BuildMain - Pre-loaded process ready in 905 ms
2018-02-14 18:18:26,527 [  55692]   INFO - .incremental.IncProjectBuilder - Building project; isRebuild:false; isMake:true parallel compilation:false
2018-02-14 18:18:26,527 [  55692]   INFO - kotlin.jps.build.KotlinBuilder - is Kotlin incremental compilation enabled: true
2018-02-14 18:18:26,558 [  55723]   INFO - kotlin.jps.build.KotlinBuilder - is Kotlin compiler daemon enabled: true
2018-02-14 18:18:26,558 [  55723]   INFO - kotlin.jps.build.KotlinBuilder - Label in local history: build started 10ac9441
2018-02-14 18:18:26,605 [  55770]   INFO - .incremental.IncProjectBuilder - Cleaned output directories in 0 ms
2018-02-14 18:18:26,714 [  55879]   INFO - s.incremental.java.JavaBuilder - Compiling 1 java files; module: Project Uno HW1
2018-02-14 18:18:27,292 [  56457]   INFO - brains.jps.incremental.Builder - Dependency analysis found 0 affected files
2018-02-14 18:18:27,370 [  56535]   INFO - rains.jps.cmdline.BuildSession - Build duration: 'java' builder took 561 ms, 1 sources processed
2018-02-14 18:18:27,370 [  56535]   INFO - s.incremental.java.JavaBuilder - javac 1.8.0_152 was used to compile [Project Uno HW1]
2018-02-14 18:18:28,262 [      0]   INFO - etbrains.jps.cmdline.BuildMain - ==================================================
2018-02-14 18:18:28,262 [      0]   INFO - etbrains.jps.cmdline.BuildMain - Build process started. Classpath: C:/Program Files/JetBrains/IntelliJ IDEA Community Edition 2017.3.2/lib/jps-launcher.jar;C:/Program Files/Java/jdk1.8.0_152/lib/tools.jar;C:/Program Files/JetBrains/IntelliJ IDEA Community Edition 2017.3.2/lib/optimizedFileManager.jar
2018-02-14 18:18:28,636 [    374]   INFO - etbrains.jps.cmdline.BuildMain - Connection to IDE established in 343 ms
2018-02-14 18:18:28,652 [    390]   INFO - penapi.util.io.win32.IdeaWin32 - Native filesystem for Windows is operational
2018-02-14 18:18:28,683 [    421]   INFO - jps.cmdline.JpsModelLoaderImpl - Loading model: project path = C:/Users/dmonroe/IdeaProjects/Project Uno HW1, global options path = C:/Users/dmonroe/.IdeaIC2017.3/config/options
2018-02-14 18:18:28,917 [    655]   INFO - jps.cmdline.JpsModelLoaderImpl - Model loaded in 234 ms
2018-02-14 18:18:28,917 [    655]   INFO - jps.cmdline.JpsModelLoaderImpl - Project has 1 modules, 0 libraries
2018-02-14 18:18:29,026 [    764]   INFO - ellij.util.io.PagedFileStorage - lower=100; upper=200; buffer=10; max=656
2018-02-14 18:18:29,198 [    936]   INFO - etbrains.jps.cmdline.BuildMain - Pre-loaded process ready in 936 ms
2018-02-14 18:18:43,503 [  15241]   INFO - rains.jps.cmdline.BuildSession - No changes found since last build. Exiting.
2018-02-14 18:18:44,177 [      0]   INFO - etbrains.jps.cmdline.BuildMain - ==================================================
2018-02-14 18:18:44,177 [      0]   INFO - etbrains.jps.cmdline.BuildMain - Build process started. Classpath: C:/Program Files/JetBrains/IntelliJ IDEA Community Edition 2017.3.2/lib/jps-launcher.jar;C:/Program Files/Java/jdk1.8.0_152/lib/tools.jar;C:/Program Files/JetBrains/IntelliJ IDEA Community Edition 2017.3.2/lib/optimizedFileManager.jar
2018-02-14 18:18:44,582 [    405]   INFO - etbrains.jps.cmdline.BuildMain - Connection to IDE established in 374 ms
2018-02-14 18:18:44,598 [    421]   INFO - penapi.util.io.win32.IdeaWin32 - Native filesystem for Windows is operational
2018-02-14 18:18:44,629 [    452]   INFO - jps.cmdline.JpsModelLoaderImpl - Loading model: project path = C:/Users/dmonroe/IdeaProjects/Project Uno HW1, global options path = C:/Users/dmonroe/.IdeaIC2017.3/config/options
2018-02-14 18:18:44,863 [    686]   INFO - jps.cmdline.JpsModelLoaderImpl - Model loaded in 234 ms
2018-02-14 18:18:44,863 [    686]   INFO - jps.cmdline.JpsModelLoaderImpl - Project has 1 modules, 0 libraries
2018-02-14 18:18:44,941 [    764]   INFO - ellij.util.io.PagedFileStorage - lower=100; upper=200; buffer=10; max=656
2018-02-14 18:18:45,082 [    905]   INFO - etbrains.jps.cmdline.BuildMain - Pre-loaded process ready in 905 ms
2018-02-14 18:20:49,045 [ 124868]   INFO - etbrains.jps.cmdline.BuildMain - Build canceled, but no build session is running. Exiting.
2018-02-14 18:24:18,993 [      0]   INFO - etbrains.jps.cmdline.BuildMain - ==================================================
2018-02-14 18:24:18,993 [      0]   INFO - etbrains.jps.cmdline.BuildMain - Build process started. Classpath: C:/Program Files/JetBrains/IntelliJ IDEA Community Edition 2017.3.2/lib/jps-launcher.jar;C:/Program Files/Java/jdk1.8.0_152/lib/tools.jar;C:/Program Files/JetBrains/IntelliJ IDEA Community Edition 2017.3.2/lib/optimizedFileManager.jar
2018-02-14 18:24:19,367 [    374]   INFO - etbrains.jps.cmdline.BuildMain - Connection to IDE established in 343 ms
2018-02-14 18:24:19,492 [    499]   INFO - jps.cmdline.JpsModelLoaderImpl - Loading model: project path = C:/Users/dmonroe/IdeaProjects/Project Uno HW1, global options path = C:/Users/dmonroe/.IdeaIC2017.3/config/options
2018-02-14 18:24:19,726 [    733]   INFO - jps.cmdline.JpsModelLoaderImpl - Model loaded in 234 ms
2018-02-14 18:24:19,726 [    733]   INFO - jps.cmdline.JpsModelLoaderImpl - Project has 1 modules, 0 libraries
2018-02-14 18:24:19,804 [    811]   INFO - ellij.util.io.PagedFileStorage - lower=100; upper=200; buffer=10; max=656
2018-02-14 18:24:19,960 [    967]   INFO - .incremental.IncProjectBuilder - Building project; isRebuild:false; isMake:true parallel compilation:false
2018-02-14 18:24:19,960 [    967]   INFO - kotlin.jps.build.KotlinBuilder - is Kotlin incremental compilation enabled: true
2018-02-14 18:24:19,991 [    998]   INFO - kotlin.jps.build.KotlinBuilder - is Kotlin compiler daemon enabled: true
2018-02-14 18:24:19,991 [    998]   INFO - kotlin.jps.build.KotlinBuilder - Label in local history: build started 59264dc1
2018-02-14 18:24:20,038 [   1045]   INFO - .incremental.IncProjectBuilder - Cleaned output directories in 0 ms
2018-02-14 18:24:20,178 [   1185]   INFO - penapi.util.io.win32.IdeaWin32 - Native filesystem for Windows is operational
2018-02-14 18:24:20,209 [   1216]   INFO - s.incremental.java.JavaBuilder - Compiling 1 java files; module: Project Uno HW1
2018-02-14 18:24:20,553 [   1560]   INFO - brains.jps.incremental.Builder - Dependency analysis found 0 affected files
2018-02-14 18:24:20,584 [   1591]   INFO - s.incremental.java.JavaBuilder - javac 1.8.0_152 was used to compile [Project Uno HW1]
2018-02-14 18:24:21,243 [      0]   INFO - etbrains.jps.cmdline.BuildMain - ==================================================
2018-02-14 18:24:21,243 [      0]   INFO - etbrains.jps.cmdline.BuildMain - Build process started. Classpath: C:/Program Files/JetBrains/IntelliJ IDEA Community Edition 2017.3.2/lib/jps-launcher.jar;C:/Program Files/Java/jdk1.8.0_152/lib/tools.jar;C:/Program Files/JetBrains/IntelliJ IDEA Community Edition 2017.3.2/lib/optimizedFileManager.jar
2018-02-14 18:24:21,617 [    374]   INFO - etbrains.jps.cmdline.BuildMain - Connection to IDE established in 343 ms
2018-02-14 18:24:21,633 [    390]   INFO - penapi.util.io.win32.IdeaWin32 - Native filesystem for Windows is operational
2018-02-14 18:24:21,664 [    421]   INFO - jps.cmdline.JpsModelLoaderImpl - Loading model: project path = C:/Users/dmonroe/IdeaProjects/Project Uno HW1, global options path = C:/Users/dmonroe/.IdeaIC2017.3/config/options
2018-02-14 18:24:21,883 [    640]   INFO - jps.cmdline.JpsModelLoaderImpl - Model loaded in 219 ms
2018-02-14 18:24:21,883 [    640]   INFO - jps.cmdline.JpsModelLoaderImpl - Project has 1 modules, 0 libraries
2018-02-14 18:24:21,961 [    718]   INFO - ellij.util.io.PagedFileStorage - lower=100; upper=200; buffer=10; max=656
2018-02-14 18:24:22,101 [    858]   INFO - etbrains.jps.cmdline.BuildMain - Pre-loaded process ready in 858 ms
2018-02-14 18:29:51,008 [ 329765]   INFO - .incremental.IncProjectBuilder - Building project; isRebuild:false; isMake:true parallel compilation:false
2018-02-14 18:29:51,008 [ 329765]   INFO - kotlin.jps.build.KotlinBuilder - is Kotlin incremental compilation enabled: true
2018-02-14 18:29:51,055 [ 329812]   INFO - kotlin.jps.build.KotlinBuilder - is Kotlin compiler daemon enabled: true
2018-02-14 18:29:51,055 [ 329812]   INFO - kotlin.jps.build.KotlinBuilder - Label in local history: build started bc732d05
2018-02-14 18:29:51,102 [ 329859]   INFO - .incremental.IncProjectBuilder - Cleaned output directories in 0 ms
2018-02-14 18:29:51,180 [ 329937]   INFO - s.incremental.java.JavaBuilder - Compiling 1 java files; module: Project Uno HW1
2018-02-14 18:29:51,523 [ 330280]   INFO - brains.jps.incremental.Builder - Dependency analysis found 0 affected files
2018-02-14 18:29:51,554 [ 330311]   INFO - s.incremental.java.JavaBuilder - javac 1.8.0_152 was used to compile [Project Uno HW1]
2018-02-14 18:29:52,198 [      0]   INFO - etbrains.jps.cmdline.BuildMain - ==================================================
2018-02-14 18:29:52,198 [      0]   INFO - etbrains.jps.cmdline.BuildMain - Build process started. Classpath: C:/Program Files/JetBrains/IntelliJ IDEA Community Edition 2017.3.2/lib/jps-launcher.jar;C:/Program Files/Java/jdk1.8.0_152/lib/tools.jar;C:/Program Files/JetBrains/IntelliJ IDEA Community Edition 2017.3.2/lib/optimizedFileManager.jar
2018-02-14 18:29:52,572 [    374]   INFO - etbrains.jps.cmdline.BuildMain - Connection to IDE established in 343 ms
2018-02-14 18:29:52,588 [    390]   INFO - penapi.util.io.win32.IdeaWin32 - Native filesystem for Windows is operational
2018-02-14 18:29:52,619 [    421]   INFO - jps.cmdline.JpsModelLoaderImpl - Loading model: project path = C:/Users/dmonroe/IdeaProjects/Project Uno HW1, global options path = C:/Users/dmonroe/.IdeaIC2017.3/config/options
2018-02-14 18:29:52,869 [    671]   INFO - jps.cmdline.JpsModelLoaderImpl - Model loaded in 250 ms
2018-02-14 18:29:52,869 [    671]   INFO - jps.cmdline.JpsModelLoaderImpl - Project has 1 modules, 0 libraries
2018-02-14 18:29:52,947 [    749]   INFO - ellij.util.io.PagedFileStorage - lower=100; upper=200; buffer=10; max=656
2018-02-14 18:29:53,087 [    889]   INFO - etbrains.jps.cmdline.BuildMain - Pre-loaded process ready in 889 ms
2018-02-14 18:31:52,029 [ 119831]   INFO - .incremental.IncProjectBuilder - Building project; isRebuild:false; isMake:true parallel compilation:false
2018-02-14 18:31:52,029 [ 119831]   INFO - kotlin.jps.build.KotlinBuilder - is Kotlin incremental compilation enabled: true
2018-02-14 18:31:52,060 [ 119862]   INFO - kotlin.jps.build.KotlinBuilder - is Kotlin compiler daemon enabled: true
2018-02-14 18:31:52,060 [ 119862]   INFO - kotlin.jps.build.KotlinBuilder - Label in local history: build started 920944fe
2018-02-14 18:31:52,107 [ 119909]   INFO - .incremental.IncProjectBuilder - Cleaned output directories in 15 ms
2018-02-14 18:31:52,185 [ 119987]   INFO - s.incremental.java.JavaBuilder - Compiling 1 java files; module: Project Uno HW1
2018-02-14 18:31:52,747 [ 120549]   INFO - brains.jps.incremental.Builder - Dependency analysis found 0 affected files
2018-02-14 18:31:52,856 [ 120658]   INFO - rains.jps.cmdline.BuildSession - Build duration: 'java' builder took 530 ms, 1 sources processed
2018-02-14 18:31:52,856 [ 120658]   INFO - s.incremental.java.JavaBuilder - javac 1.8.0_152 was used to compile [Project Uno HW1]
2018-02-14 18:31:53,802 [      0]   INFO - etbrains.jps.cmdline.BuildMain - ==================================================
2018-02-14 18:31:53,802 [      0]   INFO - etbrains.jps.cmdline.BuildMain - Build process started. Classpath: C:/Program Files/JetBrains/IntelliJ IDEA Community Edition 2017.3.2/lib/jps-launcher.jar;C:/Program Files/Java/jdk1.8.0_152/lib/tools.jar;C:/Program Files/JetBrains/IntelliJ IDEA Community Edition 2017.3.2/lib/optimizedFileManager.jar
2018-02-14 18:31:54,176 [    374]   INFO - etbrains.jps.cmdline.BuildMain - Connection to IDE established in 343 ms
2018-02-14 18:31:54,192 [    390]   INFO - penapi.util.io.win32.IdeaWin32 - Native filesystem for Windows is operational
2018-02-14 18:31:54,223 [    421]   INFO - jps.cmdline.JpsModelLoaderImpl - Loading model: project path = C:/Users/dmonroe/IdeaProjects/Project Uno HW1, global options path = C:/Users/dmonroe/.IdeaIC2017.3/config/options
2018-02-14 18:31:54,442 [    640]   INFO - jps.cmdline.JpsModelLoaderImpl - Model loaded in 219 ms
2018-02-14 18:31:54,442 [    640]   INFO - jps.cmdline.JpsModelLoaderImpl - Project has 1 modules, 0 libraries
2018-02-14 18:31:54,520 [    718]   INFO - ellij.util.io.PagedFileStorage - lower=100; upper=200; buffer=10; max=656
2018-02-14 18:31:54,660 [    858]   INFO - etbrains.jps.cmdline.BuildMain - Pre-loaded process ready in 858 ms
2018-02-14 18:45:27,694 [ 813892]   INFO - .incremental.IncProjectBuilder - Building project; isRebuild:false; isMake:true parallel compilation:false
2018-02-14 18:45:27,694 [ 813892]   INFO - kotlin.jps.build.KotlinBuilder - is Kotlin incremental compilation enabled: true
2018-02-14 18:45:27,725 [ 813923]   INFO - kotlin.jps.build.KotlinBuilder - is Kotlin compiler daemon enabled: true
2018-02-14 18:45:27,725 [ 813923]   INFO - kotlin.jps.build.KotlinBuilder - Label in local history: build started e298253f
2018-02-14 18:45:27,772 [ 813970]   INFO - .incremental.IncProjectBuilder - Cleaned output directories in 0 ms
2018-02-14 18:45:27,897 [ 814095]   INFO - s.incremental.java.JavaBuilder - Compiling 1 java files; module: Project Uno HW1
2018-02-14 18:45:28,303 [ 814501]   INFO - brains.jps.incremental.Builder - Dependency analysis found 0 affected files
2018-02-14 18:45:28,334 [ 814532]   INFO - s.incremental.java.JavaBuilder - javac 1.8.0_152 was used to compile [Project Uno HW1]
2018-02-14 18:45:29,008 [      0]   INFO - etbrains.jps.cmdline.BuildMain - ==================================================
2018-02-14 18:45:29,008 [      0]   INFO - etbrains.jps.cmdline.BuildMain - Build process started. Classpath: C:/Program Files/JetBrains/IntelliJ IDEA Community Edition 2017.3.2/lib/jps-launcher.jar;C:/Program Files/Java/jdk1.8.0_152/lib/tools.jar;C:/Program Files/JetBrains/IntelliJ IDEA Community Edition 2017.3.2/lib/optimizedFileManager.jar
2018-02-14 18:45:29,382 [    374]   INFO - etbrains.jps.cmdline.BuildMain - Connection to IDE established in 343 ms
2018-02-14 18:45:29,398 [    390]   INFO - penapi.util.io.win32.IdeaWin32 - Native filesystem for Windows is operational
2018-02-14 18:45:29,429 [    421]   INFO - jps.cmdline.JpsModelLoaderImpl - Loading model: project path = C:/Users/dmonroe/IdeaProjects/Project Uno HW1, global options path = C:/Users/dmonroe/.IdeaIC2017.3/config/options
2018-02-14 18:45:29,647 [    639]   INFO - jps.cmdline.JpsModelLoaderImpl - Model loaded in 218 ms
2018-02-14 18:45:29,647 [    639]   INFO - jps.cmdline.JpsModelLoaderImpl - Project has 1 modules, 0 libraries
2018-02-14 18:45:29,741 [    733]   INFO - ellij.util.io.PagedFileStorage - lower=100; upper=200; buffer=10; max=656
2018-02-14 18:45:29,881 [    873]   INFO - etbrains.jps.cmdline.BuildMain - Pre-loaded process ready in 873 ms
2018-02-14 18:47:03,675 [  94667]   INFO - .incremental.IncProjectBuilder - Building project; isRebuild:false; isMake:true parallel compilation:false
2018-02-14 18:47:03,690 [  94682]   INFO - kotlin.jps.build.KotlinBuilder - is Kotlin incremental compilation enabled: true
2018-02-14 18:47:03,721 [  94713]   INFO - kotlin.jps.build.KotlinBuilder - is Kotlin compiler daemon enabled: true
2018-02-14 18:47:03,721 [  94713]   INFO - kotlin.jps.build.KotlinBuilder - Label in local history: build started a18856e1
2018-02-14 18:47:03,753 [  94745]   INFO - .incremental.IncProjectBuilder - Cleaned output directories in 0 ms
2018-02-14 18:47:03,846 [  94838]   INFO - s.incremental.java.JavaBuilder - Compiling 1 java files; module: Project Uno HW1
2018-02-14 18:47:04,408 [  95400]   INFO - brains.jps.incremental.Builder - Dependency analysis found 0 affected files
2018-02-14 18:47:04,501 [  95493]   INFO - rains.jps.cmdline.BuildSession - Build duration: 'java' builder took 537 ms, 1 sources processed
2018-02-14 18:47:04,501 [  95493]   INFO - s.incremental.java.JavaBuilder - javac 1.8.0_152 was used to compile [Project Uno HW1]
2018-02-14 18:47:05,391 [      0]   INFO - etbrains.jps.cmdline.BuildMain - ==================================================
2018-02-14 18:47:05,391 [      0]   INFO - etbrains.jps.cmdline.BuildMain - Build process started. Classpath: C:/Program Files/JetBrains/IntelliJ IDEA Community Edition 2017.3.2/lib/jps-launcher.jar;C:/Program Files/Java/jdk1.8.0_152/lib/tools.jar;C:/Program Files/JetBrains/IntelliJ IDEA Community Edition 2017.3.2/lib/optimizedFileManager.jar
2018-02-14 18:47:05,781 [    390]   INFO - etbrains.jps.cmdline.BuildMain - Connection to IDE established in 359 ms
2018-02-14 18:47:05,797 [    406]   INFO - penapi.util.io.win32.IdeaWin32 - Native filesystem for Windows is operational
2018-02-14 18:47:05,843 [    452]   INFO - jps.cmdline.JpsModelLoaderImpl - Loading model: project path = C:/Users/dmonroe/IdeaProjects/Project Uno HW1, global options path = C:/Users/dmonroe/.IdeaIC2017.3/config/options
2018-02-14 18:47:06,093 [    702]   INFO - jps.cmdline.JpsModelLoaderImpl - Model loaded in 250 ms
2018-02-14 18:47:06,093 [    702]   INFO - jps.cmdline.JpsModelLoaderImpl - Project has 1 modules, 0 libraries
2018-02-14 18:47:06,171 [    780]   INFO - ellij.util.io.PagedFileStorage - lower=100; upper=200; buffer=10; max=656
2018-02-14 18:47:06,327 [    936]   INFO - etbrains.jps.cmdline.BuildMain - Pre-loaded process ready in 936 ms
2018-02-14 18:51:07,890 [ 242499]   INFO - .incremental.IncProjectBuilder - Building project; isRebuild:false; isMake:true parallel compilation:false
2018-02-14 18:51:07,894 [ 242503]   INFO - kotlin.jps.build.KotlinBuilder - is Kotlin incremental compilation enabled: true
2018-02-14 18:51:07,930 [ 242539]   INFO - kotlin.jps.build.KotlinBuilder - is Kotlin compiler daemon enabled: true
2018-02-14 18:51:07,930 [ 242539]   INFO - kotlin.jps.build.KotlinBuilder - Label in local history: build started 9c8f6914
2018-02-14 18:51:07,978 [ 242587]   INFO - .incremental.IncProjectBuilder - Cleaned output directories in 3 ms
2018-02-14 18:51:08,084 [ 242693]   INFO - s.incremental.java.JavaBuilder - Compiling 1 java files; module: Project Uno HW1
2018-02-14 18:51:08,699 [ 243308]   INFO - brains.jps.incremental.Builder - Dependency analysis found 0 affected files
2018-02-14 18:51:08,785 [ 243394]   INFO - rains.jps.cmdline.BuildSession - Build duration: 'java' builder took 593 ms, 1 sources processed
2018-02-14 18:51:08,786 [ 243395]   INFO - s.incremental.java.JavaBuilder - javac 1.8.0_152 was used to compile [Project Uno HW1]
2018-02-14 18:51:09,721 [      0]   INFO - etbrains.jps.cmdline.BuildMain - ==================================================
2018-02-14 18:51:09,722 [      1]   INFO - etbrains.jps.cmdline.BuildMain - Build process started. Classpath: C:/Program Files/JetBrains/IntelliJ IDEA Community Edition 2017.3.2/lib/jps-launcher.jar;C:/Program Files/Java/jdk1.8.0_152/lib/tools.jar;C:/Program Files/JetBrains/IntelliJ IDEA Community Edition 2017.3.2/lib/optimizedFileManager.jar
2018-02-14 18:51:10,280 [    559]   INFO - etbrains.jps.cmdline.BuildMain - Connection to IDE established in 512 ms
2018-02-14 18:51:10,297 [    576]   INFO - penapi.util.io.win32.IdeaWin32 - Native filesystem for Windows is operational
2018-02-14 18:51:10,338 [    617]   INFO - jps.cmdline.JpsModelLoaderImpl - Loading model: project path = C:/Users/dmonroe/IdeaProjects/Project Uno HW1, global options path = C:/Users/dmonroe/.IdeaIC2017.3/config/options
2018-02-14 18:51:10,626 [    905]   INFO - jps.cmdline.JpsModelLoaderImpl - Model loaded in 288 ms
2018-02-14 18:51:10,626 [    905]   INFO - jps.cmdline.JpsModelLoaderImpl - Project has 1 modules, 0 libraries
2018-02-14 18:51:10,726 [   1005]   INFO - ellij.util.io.PagedFileStorage - lower=100; upper=200; buffer=10; max=656
2018-02-14 18:51:10,918 [   1197]   INFO - etbrains.jps.cmdline.BuildMain - Pre-loaded process ready in 1200 ms
2018-02-14 18:56:05,278 [ 295557]   INFO - .incremental.IncProjectBuilder - Building project; isRebuild:false; isMake:true parallel compilation:false
2018-02-14 18:56:05,282 [ 295561]   INFO - kotlin.jps.build.KotlinBuilder - is Kotlin incremental compilation enabled: true
2018-02-14 18:56:05,320 [ 295599]   INFO - kotlin.jps.build.KotlinBuilder - is Kotlin compiler daemon enabled: true
2018-02-14 18:56:05,320 [ 295599]   INFO - kotlin.jps.build.KotlinBuilder - Label in local history: build started 1e869d33
2018-02-14 18:56:05,391 [ 295670]   INFO - .incremental.IncProjectBuilder - Cleaned output directories in 4 ms
2018-02-14 18:56:05,510 [ 295789]   INFO - s.incremental.java.JavaBuilder - Compiling 1 java files; module: Project Uno HW1
2018-02-14 18:56:06,187 [ 296466]   INFO - brains.jps.incremental.Builder - Dependency analysis found 0 affected files
2018-02-14 18:56:06,281 [ 296560]   INFO - rains.jps.cmdline.BuildSession - Build duration: 'java' builder took 652 ms, 1 sources processed
2018-02-14 18:56:06,283 [ 296562]   INFO - s.incremental.java.JavaBuilder - javac 1.8.0_152 was used to compile [Project Uno HW1]
2018-02-14 18:56:07,531 [      0]   INFO - etbrains.jps.cmdline.BuildMain - ==================================================
2018-02-14 18:56:07,532 [      1]   INFO - etbrains.jps.cmdline.BuildMain - Build process started. Classpath: C:/Program Files/JetBrains/IntelliJ IDEA Community Edition 2017.3.2/lib/jps-launcher.jar;C:/Program Files/Java/jdk1.8.0_152/lib/tools.jar;C:/Program Files/JetBrains/IntelliJ IDEA Community Edition 2017.3.2/lib/optimizedFileManager.jar
2018-02-14 18:56:08,079 [    548]   INFO - etbrains.jps.cmdline.BuildMain - Connection to IDE established in 503 ms
2018-02-14 18:56:08,098 [    567]   INFO - penapi.util.io.win32.IdeaWin32 - Native filesystem for Windows is operational
2018-02-14 18:56:08,152 [    621]   INFO - jps.cmdline.JpsModelLoaderImpl - Loading model: project path = C:/Users/dmonroe/IdeaProjects/Project Uno HW1, global options path = C:/Users/dmonroe/.IdeaIC2017.3/config/options
2018-02-14 18:56:08,510 [    979]   INFO - jps.cmdline.JpsModelLoaderImpl - Model loaded in 358 ms
2018-02-14 18:56:08,510 [    979]   INFO - jps.cmdline.JpsModelLoaderImpl - Project has 1 modules, 0 libraries
2018-02-14 18:56:08,616 [   1085]   INFO - ellij.util.io.PagedFileStorage - lower=100; upper=200; buffer=10; max=656
2018-02-14 18:56:08,816 [   1285]   INFO - etbrains.jps.cmdline.BuildMain - Pre-loaded process ready in 1288 ms
2018-02-14 18:56:38,912 [  31381]   INFO - .incremental.IncProjectBuilder - Building project; isRebuild:false; isMake:true parallel compilation:false
2018-02-14 18:56:38,930 [  31399]   INFO - kotlin.jps.build.KotlinBuilder - is Kotlin incremental compilation enabled: true
2018-02-14 18:56:39,020 [  31489]   INFO - kotlin.jps.build.KotlinBuilder - is Kotlin compiler daemon enabled: true
2018-02-14 18:56:39,020 [  31489]   INFO - kotlin.jps.build.KotlinBuilder - Label in local history: build started 89c3dfcf
2018-02-14 18:56:39,117 [  31586]   INFO - .incremental.IncProjectBuilder - Cleaned output directories in 19 ms
2018-02-14 18:56:39,417 [  31886]   INFO - s.incremental.java.JavaBuilder - Compiling 1 java files; module: Project Uno HW1
2018-02-14 18:56:40,504 [  32973]   INFO - brains.jps.incremental.Builder - Dependency analysis found 0 affected files
2018-02-14 18:56:40,668 [  33137]   INFO - rains.jps.cmdline.BuildSession - Build duration: 'java' builder took 1073 ms, 1 sources processed
2018-02-14 18:56:40,670 [  33139]   INFO - s.incremental.java.JavaBuilder - javac 1.8.0_152 was used to compile [Project Uno HW1]
2018-02-14 18:56:41,945 [      0]   INFO - etbrains.jps.cmdline.BuildMain - ==================================================
2018-02-14 18:56:41,945 [      0]   INFO - etbrains.jps.cmdline.BuildMain - Build process started. Classpath: C:/Program Files/JetBrains/IntelliJ IDEA Community Edition 2017.3.2/lib/jps-launcher.jar;C:/Program Files/Java/jdk1.8.0_152/lib/tools.jar;C:/Program Files/JetBrains/IntelliJ IDEA Community Edition 2017.3.2/lib/optimizedFileManager.jar
2018-02-14 18:56:42,547 [    602]   INFO - etbrains.jps.cmdline.BuildMain - Connection to IDE established in 555 ms
2018-02-14 18:56:42,568 [    623]   INFO - penapi.util.io.win32.IdeaWin32 - Native filesystem for Windows is operational
2018-02-14 18:56:42,600 [    655]   INFO - jps.cmdline.JpsModelLoaderImpl - Loading model: project path = C:/Users/dmonroe/IdeaProjects/Project Uno HW1, global options path = C:/Users/dmonroe/.IdeaIC2017.3/config/options
2018-02-14 18:56:42,919 [    974]   INFO - jps.cmdline.JpsModelLoaderImpl - Model loaded in 319 ms
2018-02-14 18:56:42,919 [    974]   INFO - jps.cmdline.JpsModelLoaderImpl - Project has 1 modules, 0 libraries
2018-02-14 18:56:43,030 [   1085]   INFO - ellij.util.io.PagedFileStorage - lower=100; upper=200; buffer=10; max=656
2018-02-14 18:56:43,252 [   1307]   INFO - etbrains.jps.cmdline.BuildMain - Pre-loaded process ready in 1307 ms
2018-02-14 18:57:01,162 [  19217]   INFO - .incremental.IncProjectBuilder - Building project; isRebuild:false; isMake:true parallel compilation:false
2018-02-14 18:57:01,166 [  19221]   INFO - kotlin.jps.build.KotlinBuilder - is Kotlin incremental compilation enabled: true
2018-02-14 18:57:01,215 [  19270]   INFO - kotlin.jps.build.KotlinBuilder - is Kotlin compiler daemon enabled: true
2018-02-14 18:57:01,215 [  19270]   INFO - kotlin.jps.build.KotlinBuilder - Label in local history: build started 32268cec
2018-02-14 18:57:01,282 [  19337]   INFO - .incremental.IncProjectBuilder - Cleaned output directories in 3 ms
2018-02-14 18:57:01,406 [  19461]   INFO - s.incremental.java.JavaBuilder - Compiling 1 java files; module: Project Uno HW1
2018-02-14 18:57:02,234 [  20289]   INFO - brains.jps.incremental.Builder - Dependency analysis found 0 affected files
2018-02-14 18:57:02,345 [  20400]   INFO - rains.jps.cmdline.BuildSession - Build duration: 'java' builder took 800 ms, 1 sources processed
2018-02-14 18:57:02,347 [  20402]   INFO - s.incremental.java.JavaBuilder - javac 1.8.0_152 was used to compile [Project Uno HW1]
2018-02-14 18:57:04,082 [      0]   INFO - etbrains.jps.cmdline.BuildMain - ==================================================
2018-02-14 18:57:04,083 [      1]   INFO - etbrains.jps.cmdline.BuildMain - Build process started. Classpath: C:/Program Files/JetBrains/IntelliJ IDEA Community Edition 2017.3.2/lib/jps-launcher.jar;C:/Program Files/Java/jdk1.8.0_152/lib/tools.jar;C:/Program Files/JetBrains/IntelliJ IDEA Community Edition 2017.3.2/lib/optimizedFileManager.jar
2018-02-14 18:57:04,639 [    557]   INFO - etbrains.jps.cmdline.BuildMain - Connection to IDE established in 520 ms
2018-02-14 18:57:04,658 [    576]   INFO - penapi.util.io.win32.IdeaWin32 - Native filesystem for Windows is operational
2018-02-14 18:57:04,686 [    604]   INFO - jps.cmdline.JpsModelLoaderImpl - Loading model: project path = C:/Users/dmonroe/IdeaProjects/Project Uno HW1, global options path = C:/Users/dmonroe/.IdeaIC2017.3/config/options
2018-02-14 18:57:05,018 [    936]   INFO - jps.cmdline.JpsModelLoaderImpl - Model loaded in 332 ms
2018-02-14 18:57:05,018 [    936]   INFO - jps.cmdline.JpsModelLoaderImpl - Project has 1 modules, 0 libraries
2018-02-14 18:57:05,138 [   1056]   INFO - ellij.util.io.PagedFileStorage - lower=100; upper=200; buffer=10; max=656
2018-02-14 18:57:05,314 [   1232]   INFO - etbrains.jps.cmdline.BuildMain - Pre-loaded process ready in 1234 ms
2018-02-14 19:03:31,066 [ 386984]   INFO - .incremental.IncProjectBuilder - Building project; isRebuild:false; isMake:true parallel compilation:false
2018-02-14 19:03:31,070 [ 386988]   INFO - kotlin.jps.build.KotlinBuilder - is Kotlin incremental compilation enabled: true
2018-02-14 19:03:31,102 [ 387020]   INFO - kotlin.jps.build.KotlinBuilder - is Kotlin compiler daemon enabled: true
2018-02-14 19:03:31,102 [ 387020]   INFO - kotlin.jps.build.KotlinBuilder - Label in local history: build started c68f7e10
2018-02-14 19:03:31,172 [ 387090]   INFO - .incremental.IncProjectBuilder - Cleaned output directories in 3 ms
2018-02-14 19:03:31,288 [ 387206]   INFO - s.incremental.java.JavaBuilder - Compiling 1 java files; module: Project Uno HW1
2018-02-14 19:03:32,101 [ 388019]   INFO - brains.jps.incremental.Builder - Dependency analysis found 0 affected files
2018-02-14 19:03:32,372 [ 388290]   INFO - rains.jps.cmdline.BuildSession - Build duration: 'java' builder took 760 ms, 1 sources processed
2018-02-14 19:03:32,372 [ 388290]   INFO - rains.jps.cmdline.BuildSession - Build duration: 'NotNull instrumentation' builder took 63 ms, 0 sources processed
2018-02-14 19:03:32,374 [ 388292]   INFO - s.incremental.java.JavaBuilder - javac 1.8.0_152 was used to compile [Project Uno HW1]
2018-02-14 19:03:33,943 [      0]   INFO - etbrains.jps.cmdline.BuildMain - ==================================================
2018-02-14 19:03:33,943 [      0]   INFO - etbrains.jps.cmdline.BuildMain - Build process started. Classpath: C:/Program Files/JetBrains/IntelliJ IDEA Community Edition 2017.3.2/lib/jps-launcher.jar;C:/Program Files/Java/jdk1.8.0_152/lib/tools.jar;C:/Program Files/JetBrains/IntelliJ IDEA Community Edition 2017.3.2/lib/optimizedFileManager.jar
2018-02-14 19:03:34,572 [    629]   INFO - etbrains.jps.cmdline.BuildMain - Connection to IDE established in 531 ms
2018-02-14 19:03:34,610 [    667]   INFO - penapi.util.io.win32.IdeaWin32 - Native filesystem for Windows is operational
2018-02-14 19:03:34,651 [    708]   INFO - jps.cmdline.JpsModelLoaderImpl - Loading model: project path = C:/Users/dmonroe/IdeaProjects/Project Uno HW1, global options path = C:/Users/dmonroe/.IdeaIC2017.3/config/options
2018-02-14 19:03:35,032 [   1089]   INFO - jps.cmdline.JpsModelLoaderImpl - Model loaded in 381 ms
2018-02-14 19:03:35,033 [   1090]   INFO - jps.cmdline.JpsModelLoaderImpl - Project has 1 modules, 0 libraries
2018-02-14 19:03:35,145 [   1202]   INFO - ellij.util.io.PagedFileStorage - lower=100; upper=200; buffer=10; max=656
2018-02-14 19:03:35,333 [   1390]   INFO - etbrains.jps.cmdline.BuildMain - Pre-loaded process ready in 1390 ms
2018-02-14 19:03:44,165 [  10222]   INFO - .incremental.IncProjectBuilder - Building project; isRebuild:false; isMake:true parallel compilation:false
2018-02-14 19:03:44,168 [  10225]   INFO - kotlin.jps.build.KotlinBuilder - is Kotlin incremental compilation enabled: true
2018-02-14 19:03:44,224 [  10281]   INFO - kotlin.jps.build.KotlinBuilder - is Kotlin compiler daemon enabled: true
2018-02-14 19:03:44,224 [  10281]   INFO - kotlin.jps.build.KotlinBuilder - Label in local history: build started 1e68383a
2018-02-14 19:03:44,291 [  10348]   INFO - .incremental.IncProjectBuilder - Cleaned output directories in 4 ms
2018-02-14 19:03:44,404 [  10461]   INFO - s.incremental.java.JavaBuilder - Compiling 1 java files; module: Project Uno HW1
2018-02-14 19:03:45,232 [  11289]   INFO - brains.jps.incremental.Builder - Dependency analysis found 0 affected files
2018-02-14 19:03:45,393 [  11450]   INFO - rains.jps.cmdline.BuildSession - Build duration: 'NotNull instrumentation' builder took 71 ms, 0 sources processed
2018-02-14 19:03:45,393 [  11450]   INFO - rains.jps.cmdline.BuildSession - Build duration: 'java' builder took 798 ms, 1 sources processed
2018-02-14 19:03:45,393 [  11450]   INFO - s.incremental.java.JavaBuilder - javac 1.8.0_152 was used to compile [Project Uno HW1]
2018-02-14 19:03:47,065 [      0]   INFO - etbrains.jps.cmdline.BuildMain - ==================================================
2018-02-14 19:03:47,066 [      1]   INFO - etbrains.jps.cmdline.BuildMain - Build process started. Classpath: C:/Program Files/JetBrains/IntelliJ IDEA Community Edition 2017.3.2/lib/jps-launcher.jar;C:/Program Files/Java/jdk1.8.0_152/lib/tools.jar;C:/Program Files/JetBrains/IntelliJ IDEA Community Edition 2017.3.2/lib/optimizedFileManager.jar
2018-02-14 19:03:47,793 [    728]   INFO - etbrains.jps.cmdline.BuildMain - Connection to IDE established in 681 ms
2018-02-14 19:03:47,815 [    750]   INFO - penapi.util.io.win32.IdeaWin32 - Native filesystem for Windows is operational
2018-02-14 19:03:47,845 [    780]   INFO - jps.cmdline.JpsModelLoaderImpl - Loading model: project path = C:/Users/dmonroe/IdeaProjects/Project Uno HW1, global options path = C:/Users/dmonroe/.IdeaIC2017.3/config/options
2018-02-14 19:03:48,266 [   1201]   INFO - jps.cmdline.JpsModelLoaderImpl - Model loaded in 421 ms
2018-02-14 19:03:48,266 [   1201]   INFO - jps.cmdline.JpsModelLoaderImpl - Project has 1 modules, 0 libraries
2018-02-14 19:03:48,384 [   1319]   INFO - ellij.util.io.PagedFileStorage - lower=100; upper=200; buffer=10; max=656
2018-02-14 19:03:48,575 [   1510]   INFO - etbrains.jps.cmdline.BuildMain - Pre-loaded process ready in 1512 ms
2018-02-14 19:03:58,443 [  11378]   INFO - .incremental.IncProjectBuilder - Building project; isRebuild:false; isMake:true parallel compilation:false
2018-02-14 19:03:58,452 [  11387]   INFO - kotlin.jps.build.KotlinBuilder - is Kotlin incremental compilation enabled: true
2018-02-14 19:03:58,528 [  11463]   INFO - kotlin.jps.build.KotlinBuilder - is Kotlin compiler daemon enabled: true
2018-02-14 19:03:58,528 [  11463]   INFO - kotlin.jps.build.KotlinBuilder - Label in local history: build started c69189a5
2018-02-14 19:03:58,581 [  11516]   INFO - .incremental.IncProjectBuilder - Cleaned output directories in 4 ms
2018-02-14 19:03:58,701 [  11636]   INFO - s.incremental.java.JavaBuilder - Compiling 1 java files; module: Project Uno HW1
2018-02-14 19:03:59,569 [  12504]   INFO - brains.jps.incremental.Builder - Dependency analysis found 0 affected files
2018-02-14 19:03:59,682 [  12617]   INFO - rains.jps.cmdline.BuildSession - Build duration: 'java' builder took 833 ms, 1 sources processed
2018-02-14 19:03:59,684 [  12619]   INFO - s.incremental.java.JavaBuilder - javac 1.8.0_152 was used to compile [Project Uno HW1]
2018-02-14 19:04:01,341 [      0]   INFO - etbrains.jps.cmdline.BuildMain - ==================================================
2018-02-14 19:04:01,342 [      1]   INFO - etbrains.jps.cmdline.BuildMain - Build process started. Classpath: C:/Program Files/JetBrains/IntelliJ IDEA Community Edition 2017.3.2/lib/jps-launcher.jar;C:/Program Files/Java/jdk1.8.0_152/lib/tools.jar;C:/Program Files/JetBrains/IntelliJ IDEA Community Edition 2017.3.2/lib/optimizedFileManager.jar
2018-02-14 19:04:01,975 [    634]   INFO - etbrains.jps.cmdline.BuildMain - Connection to IDE established in 585 ms
2018-02-14 19:04:02,011 [    670]   INFO - penapi.util.io.win32.IdeaWin32 - Native filesystem for Windows is operational
2018-02-14 19:04:02,051 [    710]   INFO - jps.cmdline.JpsModelLoaderImpl - Loading model: project path = C:/Users/dmonroe/IdeaProjects/Project Uno HW1, global options path = C:/Users/dmonroe/.IdeaIC2017.3/config/options
2018-02-14 19:04:02,386 [   1045]   INFO - jps.cmdline.JpsModelLoaderImpl - Model loaded in 335 ms
2018-02-14 19:04:02,386 [   1045]   INFO - jps.cmdline.JpsModelLoaderImpl - Project has 1 modules, 0 libraries
2018-02-14 19:04:02,528 [   1187]   INFO - ellij.util.io.PagedFileStorage - lower=100; upper=200; buffer=10; max=656
2018-02-14 19:04:02,715 [   1374]   INFO - etbrains.jps.cmdline.BuildMain - Pre-loaded process ready in 1376 ms
2018-02-14 19:06:04,756 [ 123415]   INFO - .incremental.IncProjectBuilder - Building project; isRebuild:false; isMake:true parallel compilation:false
2018-02-14 19:06:04,759 [ 123418]   INFO - kotlin.jps.build.KotlinBuilder - is Kotlin incremental compilation enabled: true
2018-02-14 19:06:04,803 [ 123462]   INFO - kotlin.jps.build.KotlinBuilder - is Kotlin compiler daemon enabled: true
2018-02-14 19:06:04,803 [ 123462]   INFO - kotlin.jps.build.KotlinBuilder - Label in local history: build started 2bc2c4b2
2018-02-14 19:06:04,842 [ 123501]   INFO - .incremental.IncProjectBuilder - Cleaned output directories in 0 ms
2018-02-14 19:06:04,982 [ 123641]   INFO - s.incremental.java.JavaBuilder - Compiling 1 java files; module: Project Uno HW1
2018-02-14 19:06:05,642 [ 124301]   INFO - brains.jps.incremental.Builder - Dependency analysis found 0 affected files
2018-02-14 19:06:05,676 [ 124335]   INFO - s.incremental.java.JavaBuilder - javac 1.8.0_152 was used to compile [Project Uno HW1]
2018-02-14 19:06:06,723 [      0]   INFO - etbrains.jps.cmdline.BuildMain - ==================================================
2018-02-14 19:06:06,723 [      0]   INFO - etbrains.jps.cmdline.BuildMain - Build process started. Classpath: C:/Program Files/JetBrains/IntelliJ IDEA Community Edition 2017.3.2/lib/jps-launcher.jar;C:/Program Files/Java/jdk1.8.0_152/lib/tools.jar;C:/Program Files/JetBrains/IntelliJ IDEA Community Edition 2017.3.2/lib/optimizedFileManager.jar
2018-02-14 19:06:07,267 [    544]   INFO - etbrains.jps.cmdline.BuildMain - Connection to IDE established in 513 ms
2018-02-14 19:06:07,297 [    574]   INFO - penapi.util.io.win32.IdeaWin32 - Native filesystem for Windows is operational
2018-02-14 19:06:07,336 [    613]   INFO - jps.cmdline.JpsModelLoaderImpl - Loading model: project path = C:/Users/dmonroe/IdeaProjects/Project Uno HW1, global options path = C:/Users/dmonroe/.IdeaIC2017.3/config/options
2018-02-14 19:06:07,631 [    908]   INFO - jps.cmdline.JpsModelLoaderImpl - Model loaded in 295 ms
2018-02-14 19:06:07,631 [    908]   INFO - jps.cmdline.JpsModelLoaderImpl - Project has 1 modules, 0 libraries
2018-02-14 19:06:07,740 [   1017]   INFO - ellij.util.io.PagedFileStorage - lower=100; upper=200; buffer=10; max=656
2018-02-14 19:06:07,938 [   1215]   INFO - etbrains.jps.cmdline.BuildMain - Pre-loaded process ready in 1230 ms
2018-02-14 19:16:30,681 [ 623958]   INFO - .incremental.IncProjectBuilder - Building project; isRebuild:false; isMake:true parallel compilation:false
2018-02-14 19:16:30,686 [ 623963]   INFO - kotlin.jps.build.KotlinBuilder - is Kotlin incremental compilation enabled: true
2018-02-14 19:16:30,735 [ 624012]   INFO - kotlin.jps.build.KotlinBuilder - is Kotlin compiler daemon enabled: true
2018-02-14 19:16:30,736 [ 624013]   INFO - kotlin.jps.build.KotlinBuilder - Label in local history: build started 5ca2e8db
2018-02-14 19:16:30,808 [ 624085]   INFO - .incremental.IncProjectBuilder - Cleaned output directories in 4 ms
2018-02-14 19:16:30,951 [ 624228]   INFO - s.incremental.java.JavaBuilder - Compiling 1 java files; module: Project Uno HW1
2018-02-14 19:16:31,827 [ 625104]   INFO - brains.jps.incremental.Builder - Dependency analysis found 0 affected files
2018-02-14 19:16:31,959 [ 625236]   INFO - rains.jps.cmdline.BuildSession - Build duration: 'java' builder took 846 ms, 1 sources processed
2018-02-14 19:16:31,961 [ 625238]   INFO - s.incremental.java.JavaBuilder - javac 1.8.0_152 was used to compile [Project Uno HW1]
2018-02-14 19:16:33,244 [      0]   INFO - etbrains.jps.cmdline.BuildMain - ==================================================
2018-02-14 19:16:33,245 [      1]   INFO - etbrains.jps.cmdline.BuildMain - Build process started. Classpath: C:/Program Files/JetBrains/IntelliJ IDEA Community Edition 2017.3.2/lib/jps-launcher.jar;C:/Program Files/Java/jdk1.8.0_152/lib/tools.jar;C:/Program Files/JetBrains/IntelliJ IDEA Community Edition 2017.3.2/lib/optimizedFileManager.jar
2018-02-14 19:16:33,749 [    505]   INFO - etbrains.jps.cmdline.BuildMain - Connection to IDE established in 462 ms
2018-02-14 19:16:33,768 [    524]   INFO - penapi.util.io.win32.IdeaWin32 - Native filesystem for Windows is operational
2018-02-14 19:16:33,815 [    571]   INFO - jps.cmdline.JpsModelLoaderImpl - Loading model: project path = C:/Users/dmonroe/IdeaProjects/Project Uno HW1, global options path = C:/Users/dmonroe/.IdeaIC2017.3/config/options
2018-02-14 19:16:34,121 [    877]   INFO - jps.cmdline.JpsModelLoaderImpl - Model loaded in 306 ms
2018-02-14 19:16:34,121 [    877]   INFO - jps.cmdline.JpsModelLoaderImpl - Project has 1 modules, 0 libraries
2018-02-14 19:16:34,233 [    989]   INFO - ellij.util.io.PagedFileStorage - lower=100; upper=200; buffer=10; max=656
2018-02-14 19:16:34,418 [   1174]   INFO - etbrains.jps.cmdline.BuildMain - Pre-loaded process ready in 1176 ms
2018-02-14 19:16:44,613 [  11369]   INFO - rains.jps.cmdline.BuildSession - No changes found since last build. Exiting.
2018-02-14 19:16:45,915 [      0]   INFO - etbrains.jps.cmdline.BuildMain - ==================================================
2018-02-14 19:16:45,916 [      1]   INFO - etbrains.jps.cmdline.BuildMain - Build process started. Classpath: C:/Program Files/JetBrains/IntelliJ IDEA Community Edition 2017.3.2/lib/jps-launcher.jar;C:/Program Files/Java/jdk1.8.0_152/lib/tools.jar;C:/Program Files/JetBrains/IntelliJ IDEA Community Edition 2017.3.2/lib/optimizedFileManager.jar
2018-02-14 19:16:46,425 [    510]   INFO - etbrains.jps.cmdline.BuildMain - Connection to IDE established in 457 ms
2018-02-14 19:16:46,443 [    528]   INFO - penapi.util.io.win32.IdeaWin32 - Native filesystem for Windows is operational
2018-02-14 19:16:46,482 [    567]   INFO - jps.cmdline.JpsModelLoaderImpl - Loading model: project path = C:/Users/dmonroe/IdeaProjects/Project Uno HW1, global options path = C:/Users/dmonroe/.IdeaIC2017.3/config/options
2018-02-14 19:16:46,781 [    866]   INFO - jps.cmdline.JpsModelLoaderImpl - Model loaded in 299 ms
2018-02-14 19:16:46,781 [    866]   INFO - jps.cmdline.JpsModelLoaderImpl - Project has 1 modules, 0 libraries
2018-02-14 19:16:46,892 [    977]   INFO - ellij.util.io.PagedFileStorage - lower=100; upper=200; buffer=10; max=656
2018-02-14 19:16:47,078 [   1163]   INFO - etbrains.jps.cmdline.BuildMain - Pre-loaded process ready in 1165 ms
2018-02-14 19:25:11,155 [ 505240]   INFO - .incremental.IncProjectBuilder - Building project; isRebuild:false; isMake:true parallel compilation:false
2018-02-14 19:25:11,158 [ 505243]   INFO - kotlin.jps.build.KotlinBuilder - is Kotlin incremental compilation enabled: true
2018-02-14 19:25:11,240 [ 505325]   INFO - kotlin.jps.build.KotlinBuilder - is Kotlin compiler daemon enabled: true
2018-02-14 19:25:11,240 [ 505325]   INFO - kotlin.jps.build.KotlinBuilder - Label in local history: build started 34efb6c4
2018-02-14 19:25:11,320 [ 505405]   INFO - .incremental.IncProjectBuilder - Cleaned output directories in 5 ms
2018-02-14 19:25:11,465 [ 505550]   INFO - s.incremental.java.JavaBuilder - Compiling 1 java files; module: Project Uno HW1
2018-02-14 19:25:12,117 [ 506202]   INFO - brains.jps.incremental.Builder - Dependency analysis found 0 affected files
2018-02-14 19:25:12,152 [ 506237]   INFO - s.incremental.java.JavaBuilder - javac 1.8.0_152 was used to compile [Project Uno HW1]
2018-02-14 19:25:12,992 [      0]   INFO - etbrains.jps.cmdline.BuildMain - ==================================================
2018-02-14 19:25:12,993 [      1]   INFO - etbrains.jps.cmdline.BuildMain - Build process started. Classpath: C:/Program Files/JetBrains/IntelliJ IDEA Community Edition 2017.3.2/lib/jps-launcher.jar;C:/Program Files/Java/jdk1.8.0_152/lib/tools.jar;C:/Program Files/JetBrains/IntelliJ IDEA Community Edition 2017.3.2/lib/optimizedFileManager.jar
2018-02-14 19:25:13,507 [    515]   INFO - etbrains.jps.cmdline.BuildMain - Connection to IDE established in 472 ms
2018-02-14 19:25:13,526 [    534]   INFO - penapi.util.io.win32.IdeaWin32 - Native filesystem for Windows is operational
2018-02-14 19:25:13,565 [    573]   INFO - jps.cmdline.JpsModelLoaderImpl - Loading model: project path = C:/Users/dmonroe/IdeaProjects/Project Uno HW1, global options path = C:/Users/dmonroe/.IdeaIC2017.3/config/options
2018-02-14 19:25:13,861 [    869]   INFO - jps.cmdline.JpsModelLoaderImpl - Model loaded in 296 ms
2018-02-14 19:25:13,862 [    870]   INFO - jps.cmdline.JpsModelLoaderImpl - Project has 1 modules, 0 libraries
2018-02-14 19:25:13,972 [    980]   INFO - ellij.util.io.PagedFileStorage - lower=100; upper=200; buffer=10; max=656
2018-02-14 19:25:14,182 [   1190]   INFO - etbrains.jps.cmdline.BuildMain - Pre-loaded process ready in 1193 ms
2018-02-14 19:25:23,163 [  10171]   INFO - .incremental.IncProjectBuilder - Building project; isRebuild:false; isMake:true parallel compilation:false
2018-02-14 19:25:23,167 [  10175]   INFO - kotlin.jps.build.KotlinBuilder - is Kotlin incremental compilation enabled: true
2018-02-14 19:25:23,214 [  10222]   INFO - kotlin.jps.build.KotlinBuilder - is Kotlin compiler daemon enabled: true
2018-02-14 19:25:23,214 [  10222]   INFO - kotlin.jps.build.KotlinBuilder - Label in local history: build started 354ce44a
2018-02-14 19:25:23,267 [  10275]   INFO - .incremental.IncProjectBuilder - Cleaned output directories in 3 ms
2018-02-14 19:25:23,397 [  10405]   INFO - s.incremental.java.JavaBuilder - Compiling 1 java files; module: Project Uno HW1
2018-02-14 19:25:24,287 [  11295]   INFO - brains.jps.incremental.Builder - Dependency analysis found 0 affected files
2018-02-14 19:25:24,403 [  11411]   INFO - rains.jps.cmdline.BuildSession - Build duration: 'java' builder took 852 ms, 1 sources processed
2018-02-14 19:25:24,405 [  11413]   INFO - s.incremental.java.JavaBuilder - javac 1.8.0_152 was used to compile [Project Uno HW1]
2018-02-14 19:25:25,887 [      0]   INFO - etbrains.jps.cmdline.BuildMain - ==================================================
2018-02-14 19:25:25,888 [      1]   INFO - etbrains.jps.cmdline.BuildMain - Build process started. Classpath: C:/Program Files/JetBrains/IntelliJ IDEA Community Edition 2017.3.2/lib/jps-launcher.jar;C:/Program Files/Java/jdk1.8.0_152/lib/tools.jar;C:/Program Files/JetBrains/IntelliJ IDEA Community Edition 2017.3.2/lib/optimizedFileManager.jar
2018-02-14 19:25:26,435 [    548]   INFO - etbrains.jps.cmdline.BuildMain - Connection to IDE established in 501 ms
2018-02-14 19:25:26,454 [    567]   INFO - penapi.util.io.win32.IdeaWin32 - Native filesystem for Windows is operational
2018-02-14 19:25:26,494 [    607]   INFO - jps.cmdline.JpsModelLoaderImpl - Loading model: project path = C:/Users/dmonroe/IdeaProjects/Project Uno HW1, global options path = C:/Users/dmonroe/.IdeaIC2017.3/config/options
2018-02-14 19:25:26,822 [    935]   INFO - jps.cmdline.JpsModelLoaderImpl - Model loaded in 328 ms
2018-02-14 19:25:26,822 [    935]   INFO - jps.cmdline.JpsModelLoaderImpl - Project has 1 modules, 0 libraries
2018-02-14 19:25:26,933 [   1046]   INFO - ellij.util.io.PagedFileStorage - lower=100; upper=200; buffer=10; max=656
2018-02-14 19:25:27,132 [   1245]   INFO - etbrains.jps.cmdline.BuildMain - Pre-loaded process ready in 1252 ms
2018-02-14 19:26:49,692 [  83805]   INFO - .incremental.IncProjectBuilder - Building project; isRebuild:false; isMake:true parallel compilation:false
2018-02-14 19:26:49,695 [  83808]   INFO - kotlin.jps.build.KotlinBuilder - is Kotlin incremental compilation enabled: true
2018-02-14 19:26:49,739 [  83852]   INFO - kotlin.jps.build.KotlinBuilder - is Kotlin compiler daemon enabled: true
2018-02-14 19:26:49,739 [  83852]   INFO - kotlin.jps.build.KotlinBuilder - Label in local history: build started 57ec054f
2018-02-14 19:26:49,793 [  83906]   INFO - .incremental.IncProjectBuilder - Cleaned output directories in 4 ms
2018-02-14 19:26:50,059 [  84172]   INFO - s.incremental.java.JavaBuilder - Compiling 1 java files; module: Project Uno HW1
2018-02-14 19:26:50,855 [  84968]   INFO - brains.jps.incremental.Builder - Dependency analysis found 0 affected files
2018-02-14 19:26:50,975 [  85088]   INFO - rains.jps.cmdline.BuildSession - Build duration: 'java' builder took 765 ms, 1 sources processed
2018-02-14 19:26:50,977 [  85090]   INFO - s.incremental.java.JavaBuilder - javac 1.8.0_152 was used to compile [Project Uno HW1]
2018-02-14 19:26:52,195 [      0]   INFO - etbrains.jps.cmdline.BuildMain - ==================================================
2018-02-14 19:26:52,196 [      1]   INFO - etbrains.jps.cmdline.BuildMain - Build process started. Classpath: C:/Program Files/JetBrains/IntelliJ IDEA Community Edition 2017.3.2/lib/jps-launcher.jar;C:/Program Files/Java/jdk1.8.0_152/lib/tools.jar;C:/Program Files/JetBrains/IntelliJ IDEA Community Edition 2017.3.2/lib/optimizedFileManager.jar
2018-02-14 19:26:52,716 [    521]   INFO - etbrains.jps.cmdline.BuildMain - Connection to IDE established in 477 ms
2018-02-14 19:26:52,736 [    541]   INFO - penapi.util.io.win32.IdeaWin32 - Native filesystem for Windows is operational
2018-02-14 19:26:52,776 [    581]   INFO - jps.cmdline.JpsModelLoaderImpl - Loading model: project path = C:/Users/dmonroe/IdeaProjects/Project Uno HW1, global options path = C:/Users/dmonroe/.IdeaIC2017.3/config/options
2018-02-14 19:26:53,085 [    890]   INFO - jps.cmdline.JpsModelLoaderImpl - Model loaded in 309 ms
2018-02-14 19:26:53,085 [    890]   INFO - jps.cmdline.JpsModelLoaderImpl - Project has 1 modules, 0 libraries
2018-02-14 19:26:53,195 [   1000]   INFO - ellij.util.io.PagedFileStorage - lower=100; upper=200; buffer=10; max=656
2018-02-14 19:26:53,379 [   1184]   INFO - etbrains.jps.cmdline.BuildMain - Pre-loaded process ready in 1186 ms
2018-02-14 19:27:41,280 [  49085]   INFO - .incremental.IncProjectBuilder - Building project; isRebuild:false; isMake:true parallel compilation:false
2018-02-14 19:27:41,283 [  49088]   INFO - kotlin.jps.build.KotlinBuilder - is Kotlin incremental compilation enabled: true
2018-02-14 19:27:41,338 [  49143]   INFO - kotlin.jps.build.KotlinBuilder - is Kotlin compiler daemon enabled: true
2018-02-14 19:27:41,338 [  49143]   INFO - kotlin.jps.build.KotlinBuilder - Label in local history: build started 3d897284
2018-02-14 19:27:41,391 [  49196]   INFO - .incremental.IncProjectBuilder - Cleaned output directories in 3 ms
2018-02-14 19:27:41,497 [  49302]   INFO - s.incremental.java.JavaBuilder - Compiling 1 java files; module: Project Uno HW1
2018-02-14 19:27:42,324 [  50129]   INFO - brains.jps.incremental.Builder - Dependency analysis found 0 affected files
2018-02-14 19:27:42,426 [  50231]   INFO - rains.jps.cmdline.BuildSession - Build duration: 'java' builder took 799 ms, 1 sources processed
2018-02-14 19:27:42,428 [  50233]   INFO - s.incremental.java.JavaBuilder - javac 1.8.0_152 was used to compile [Project Uno HW1]
2018-02-14 19:27:43,726 [      0]   INFO - etbrains.jps.cmdline.BuildMain - ==================================================
2018-02-14 19:27:43,727 [      1]   INFO - etbrains.jps.cmdline.BuildMain - Build process started. Classpath: C:/Program Files/JetBrains/IntelliJ IDEA Community Edition 2017.3.2/lib/jps-launcher.jar;C:/Program Files/Java/jdk1.8.0_152/lib/tools.jar;C:/Program Files/JetBrains/IntelliJ IDEA Community Edition 2017.3.2/lib/optimizedFileManager.jar
2018-02-14 19:27:44,267 [    541]   INFO - etbrains.jps.cmdline.BuildMain - Connection to IDE established in 475 ms
2018-02-14 19:27:44,287 [    561]   INFO - penapi.util.io.win32.IdeaWin32 - Native filesystem for Windows is operational
2018-02-14 19:27:44,328 [    602]   INFO - jps.cmdline.JpsModelLoaderImpl - Loading model: project path = C:/Users/dmonroe/IdeaProjects/Project Uno HW1, global options path = C:/Users/dmonroe/.IdeaIC2017.3/config/options
2018-02-14 19:27:44,638 [    912]   INFO - jps.cmdline.JpsModelLoaderImpl - Model loaded in 310 ms
2018-02-14 19:27:44,638 [    912]   INFO - jps.cmdline.JpsModelLoaderImpl - Project has 1 modules, 0 libraries
2018-02-14 19:27:44,749 [   1023]   INFO - ellij.util.io.PagedFileStorage - lower=100; upper=200; buffer=10; max=656
2018-02-14 19:27:44,942 [   1216]   INFO - etbrains.jps.cmdline.BuildMain - Pre-loaded process ready in 1224 ms
2018-02-14 19:52:33,865 [1490139]   INFO - .incremental.IncProjectBuilder - Building project; isRebuild:false; isMake:true parallel compilation:false
2018-02-14 19:52:33,865 [1490139]   INFO - kotlin.jps.build.KotlinBuilder - is Kotlin incremental compilation enabled: true
2018-02-14 19:52:33,928 [1490202]   INFO - kotlin.jps.build.KotlinBuilder - is Kotlin compiler daemon enabled: true
2018-02-14 19:52:33,928 [1490202]   INFO - kotlin.jps.build.KotlinBuilder - Label in local history: build started 8cd8171b
2018-02-14 19:52:33,990 [1490264]   INFO - .incremental.IncProjectBuilder - Cleaned output directories in 0 ms
2018-02-14 19:52:34,131 [1490405]   INFO - s.incremental.java.JavaBuilder - Compiling 1 java files; module: Project Uno HW1
2018-02-14 19:52:35,113 [1491387]   INFO - brains.jps.incremental.Builder - Dependency analysis found 0 affected files
2018-02-14 19:52:35,223 [1491497]   INFO - rains.jps.cmdline.BuildSession - Build duration: 'java' builder took 959 ms, 1 sources processed
2018-02-14 19:52:35,223 [1491497]   INFO - s.incremental.java.JavaBuilder - javac 1.8.0_152 was used to compile [Project Uno HW1]
2018-02-14 19:52:36,523 [      0]   INFO - etbrains.jps.cmdline.BuildMain - ==================================================
2018-02-14 19:52:36,523 [      0]   INFO - etbrains.jps.cmdline.BuildMain - Build process started. Classpath: C:/Program Files/JetBrains/IntelliJ IDEA Community Edition 2017.3.2/lib/jps-launcher.jar;C:/Program Files/Java/jdk1.8.0_152/lib/tools.jar;C:/Program Files/JetBrains/IntelliJ IDEA Community Edition 2017.3.2/lib/optimizedFileManager.jar
2018-02-14 19:52:37,038 [    515]   INFO - etbrains.jps.cmdline.BuildMain - Connection to IDE established in 468 ms
2018-02-14 19:52:37,054 [    531]   INFO - penapi.util.io.win32.IdeaWin32 - Native filesystem for Windows is operational
2018-02-14 19:52:37,085 [    562]   INFO - jps.cmdline.JpsModelLoaderImpl - Loading model: project path = C:/Users/dmonroe/IdeaProjects/Project Uno HW1, global options path = C:/Users/dmonroe/.IdeaIC2017.3/config/options
2018-02-14 19:52:37,413 [    890]   INFO - jps.cmdline.JpsModelLoaderImpl - Model loaded in 328 ms
2018-02-14 19:52:37,413 [    890]   INFO - jps.cmdline.JpsModelLoaderImpl - Project has 1 modules, 0 libraries
2018-02-14 19:52:37,522 [    999]   INFO - ellij.util.io.PagedFileStorage - lower=100; upper=200; buffer=10; max=656
2018-02-14 19:52:37,709 [   1186]   INFO - etbrains.jps.cmdline.BuildMain - Pre-loaded process ready in 1186 ms
2018-02-14 20:06:17,207 [ 820684]   INFO - etbrains.jps.cmdline.BuildMain - Build canceled, but no build session is running. Exiting.
